#
# A fatal error has been detected by the Java Runtime Environment:
#
#  SIGSEGV (0xb) at pc=0x000000011d0da5ab, pid=61749, tid=3843
#
# JRE version: OpenJDK Runtime Environment Homebrew (18.0.2.1) (build 18.0.2.1+0)
# Java VM: OpenJDK 64-Bit Server VM Homebrew (18.0.2.1+0, mixed mode, sharing, tiered, compressed oops, compressed class ptrs, g1 gc, bsd-amd64)
# Problematic frame:
# V  [libjvm.dylib+0x7785ab]  _ZN12PosixSignals15chained_handlerEiP9__siginfoPv+0xe7
#
# No core dump will be written. Core dumps have been disabled. To enable core dumping, try "ulimit -c unlimited" before starting Java again
#
# If you would like to submit a bug report, please visit:
#   https://github.com/Homebrew/homebrew-core/issues
#

---------------  S U M M A R Y ------------

Command Line: -Djava.awt.headless=true -Xmx512m -Xrs vfprintf exit -Xss2m 

Host: "MacBookPro15,2" x86_64 2700 MHz, 8 cores, 16G, Darwin 20.6.0, macOS 11.6.5 (20G527)
Time: Sun Feb 26 18:52:25 2023 CST elapsed time: 53825.906285 seconds (0d 14h 57m 5s)

---------------  T H R E A D  ---------------

Current thread is native thread

Stack: [0x0000700006f2f000,0x0000700006faf000],  sp=0x0000700006fae490,  free space=509k
Native frames: (J=compiled Java code, j=interpreted, Vv=VM code, C=native code)
V  [libjvm.dylib+0x7785ab]  _ZN12PosixSignals15chained_handlerEiP9__siginfoPv+0xe7
V  [libjvm.dylib+0x778709]  JVM_handle_bsd_signal+0x111
C  [libsystem_platform.dylib+0x3d7d]  _sigtramp+0x1d


siginfo: si_signo: 11 (SIGSEGV), si_code: 0 (unknown), si_addr: 0x0000000000000000

Registers:
RAX=0x0000000000000000, RBX=0x000000000000000b, RCX=0x0000000000000000, RDX=0x0000700006fae9c8
RSP=0x0000700006fae490, RBP=0x0000700006fae4d0, RSI=0x0000700006fae960, RDI=0x000000000000000b
R8 =0x0000700006fae9c8, R9 =0x7f0c167f362e8d04, R10=0x000000011d4371d8, R11=0x0000000000000202
R12=0x400007fc3b007774, R13=0x00000000700007fc, R14=0x400007fc3b007774, R15=0x0000000000000000
RIP=0x000000011d0da5ab, EFLAGS=0x0000000000010202, ERR=0x0000000000000000
  TRAPNO=0x000000000000000d

Top of Stack: (sp=0x0000700006fae490)
0x0000700006fae490:   0000700006fae9c8 0000700006fae960
0x0000700006fae4a0:   fffef86700000000 000000000000000b
0x0000700006fae4b0:   0000000000000000 0000000000000001
0x0000700006fae4c0:   0000000000000026 0000700006fae9c8
0x0000700006fae4d0:   0000700006fae520 000000011d0da709
0x0000700006fae4e0:   0000069806faea70 0000700006fae960
0x0000700006fae4f0:   00000001ffdc2f70 0000700006fae9c8
0x0000700006fae500:   7f0c167f362e8d04 0000700006faecc8
0x0000700006fae510:   000000010a0c9b08 0000700006faeb80
0x0000700006fae520:   0000700006fae530 00007fff2063fd7d
0x0000700006fae530:   0000700006faeb10 0000000000000000
0x0000700006fae540:   000000000000000c 0000000113fae700
0x0000700006fae550:   000000010a0e6aea 000000060000000e
0x0000700006fae560:   0000000000000000 00007fc3b5d278a0
0x0000700006fae570:   00007fc3b6b68db0 00007fc3b5d278a0
0x0000700006fae580:   0000000000000000 0000000000000000
0x0000700006fae590:   0000000000000000 0000700006faeb10
0x0000700006fae5a0:   0000700006faea80 00000000005e1591
0x0000700006fae5b0:   ffffffff00000000 00007fc3b6b68dc8
0x0000700006fae5c0:   00007fc3b5ec8c00 0000700006faec70
0x0000700006fae5d0:   0000700006faecc8 000000010a0c9b08
0x0000700006fae5e0:   0000700006faeb80 0000000109b74846
0x0000700006fae5f0:   0000000000010246 000000000000002b
0x0000700006fae600:   0000000000000000 0000000000000000
0x0000700006fae610:   0000000000000000 000000000000037f
0x0000700006fae620:   0000000000000000 0000000000000000
0x0000700006fae630:   0000ffff00001fa0 0000000000000000
0x0000700006fae640:   000000000000ffff 0000000000000000
0x0000700006fae650:   0000000000000000 0000000000000000
0x0000700006fae660:   0000000000000000 0000000000000000
0x0000700006fae670:   0000000000000000 0000000000000000
0x0000700006fae680:   0000000000000000 0000000000000000 

Instructions: (pc=0x000000011d0da5ab)
0x000000011d0da4ab:   89 d8 48 8d 0d 24 cd 35 00 48 8b 04 c1 eb 02 31
0x000000011d0da4bb:   c0 48 83 c4 08 5b 5d c3 90 55 48 89 e5 41 57 41
0x000000011d0da4cb:   56 41 55 41 54 53 48 83 ec 18 48 8d 05 15 43 2e
0x000000011d0da4db:   00 80 38 00 0f 84 ba 00 00 00 49 89 d6 49 89 f7
0x000000011d0da4eb:   89 fb 80 3d 7c ce 35 00 01 75 0d 89 df ff 15 7a
0x000000011d0da4fb:   ce 35 00 48 85 c0 75 1e 8d 43 ff 83 f8 1e 0f 87
0x000000011d0da50b:   90 00 00 00 89 d8 48 8d 0d c0 cc 35 00 48 8b 04
0x000000011d0da51b:   c1 48 85 c0 74 7e 4c 8b 20 49 83 fc 02 0f 82 90
0x000000011d0da52b:   00 00 00 4c 89 7d c8 4c 89 75 c0 44 8b 68 0c 41
0x000000011d0da53b:   f6 c5 10 75 15 8d 4b ff ba 01 00 00 00 d3 e2 31
0x000000011d0da54b:   c9 83 fb 20 0f 4e ca 09 48 08 45 31 f6 41 f6 c5
0x000000011d0da55b:   40 41 bf 00 00 00 00 4d 0f 44 fc 4d 0f 45 f4 41
0x000000011d0da56b:   f6 c5 04 74 07 48 c7 00 00 00 00 00 48 8d 55 d4
0x000000011d0da57b:   c7 02 00 00 00 00 48 83 c0 08 bf 03 00 00 00 48
0x000000011d0da58b:   89 c6 e8 d6 e2 13 00 89 df 41 f6 c5 40 75 09 41
0x000000011d0da59b:   ff d7 eb 0f 31 c0 eb 21 48 8b 75 c8 48 8b 55 c0
0x000000011d0da5ab:   41 ff d6 48 8d 75 d4 bf 03 00 00 00 31 d2 e8 aa
0x000000011d0da5bb:   e2 13 00 4d 85 e4 0f 95 c0 48 83 c4 18 5b 41 5c
0x000000011d0da5cb:   41 5d 41 5e 41 5f 5d c3 90 55 48 89 e5 48 83 ec
0x000000011d0da5db:   10 48 8d 75 fc c7 06 98 06 00 00 bf 02 00 00 00
0x000000011d0da5eb:   31 d2 e8 76 e2 13 00 48 83 c4 10 5d c3 55 48 89
0x000000011d0da5fb:   e5 41 57 41 56 41 55 41 54 53 48 83 ec 18 89 4d
0x000000011d0da60b:   d4 49 89 d7 49 89 f5 89 fb e8 e9 de 13 00 44 8b
0x000000011d0da61b:   30 48 8d 75 c4 c7 06 98 06 00 00 45 31 e4 bf 02
0x000000011d0da62b:   00 00 00 31 d2 e8 33 e2 13 00 e8 b8 94 09 00 84
0x000000011d0da63b:   c0 74 08 e8 bb 94 09 00 49 89 c4 89 df 4c 89 e6
0x000000011d0da64b:   e8 86 1d f3 ff 4d 85 ff 74 25 4c 89 ff e8 f3 e8
0x000000011d0da65b:   f2 ff 48 85 c0 74 18 48 8d 0d 47 94 33 00 48 39
0x000000011d0da66b:   01 74 3e 48 8d 0d 53 94 33 00 48 39 01 74 32 83
0x000000011d0da67b:   fb 19 74 05 83 fb 0d 75 0f 89 df 4c 89 ee 4c 89
0x000000011d0da68b:   fa e8 33 fe ff ff eb 2c 4d 85 e4 74 47 49 8b 04
0x000000011d0da69b:   24 4c 89 e7 ff 50 40 31 c9 84 c0 49 0f 45 cc eb 



---------------  P R O C E S S  ---------------

VM state: not at safepoint (normal execution)

VM Mutex/Monitor currently owned by a thread: None

Heap address: 0x00000007e0000000, size: 512 MB, Compressed Oops mode: Zero based, Oop shift amount: 3

CDS archive(s) mapped at: [0x0000000800000000-0x0000000800ba4000-0x0000000800ba4000), size 12206080, SharedBaseAddress: 0x0000000800000000, ArchiveRelocationMode: 0.
Compressed class space mapped at: 0x0000000800c00000-0x0000000840c00000, reserved size: 1073741824
Narrow klass base: 0x0000000800000000, Narrow klass shift: 0, Narrow klass range: 0x100000000

GC Precious Log:
<Skipped>

Heap:
 garbage-first heap   total 264192K, used 2888K [0x00000007e0000000, 0x0000000800000000)
  region size 1024K, 2 young (2048K), 0 survivors (0K)
 Metaspace       used 315K, committed 512K, reserved 1114112K
  class space    used 20K, committed 128K, reserved 1048576K

Heap Regions: E=young(eden), S=young(survivor), O=old, HS=humongous(starts), HC=humongous(continues), CS=collection set, F=free, OA=open archive, CA=closed archive, TAMS=top-at-mark-start (previous, next)
|   0|0x00000007e0000000, 0x00000007e0000000, 0x00000007e0100000|  0%| F|  |TAMS 0x00000007e0000000, 0x00000007e0000000| Untracked 
|   1|0x00000007e0100000, 0x00000007e0100000, 0x00000007e0200000|  0%| F|  |TAMS 0x00000007e0100000, 0x00000007e0100000| Untracked 
|   2|0x00000007e0200000, 0x00000007e0200000, 0x00000007e0300000|  0%| F|  |TAMS 0x00000007e0200000, 0x00000007e0200000| Untracked 
|   3|0x00000007e0300000, 0x00000007e0300000, 0x00000007e0400000|  0%| F|  |TAMS 0x00000007e0300000, 0x00000007e0300000| Untracked 
|   4|0x00000007e0400000, 0x00000007e0400000, 0x00000007e0500000|  0%| F|  |TAMS 0x00000007e0400000, 0x00000007e0400000| Untracked 
|   5|0x00000007e0500000, 0x00000007e0500000, 0x00000007e0600000|  0%| F|  |TAMS 0x00000007e0500000, 0x00000007e0500000| Untracked 
|   6|0x00000007e0600000, 0x00000007e0600000, 0x00000007e0700000|  0%| F|  |TAMS 0x00000007e0600000, 0x00000007e0600000| Untracked 
|   7|0x00000007e0700000, 0x00000007e0700000, 0x00000007e0800000|  0%| F|  |TAMS 0x00000007e0700000, 0x00000007e0700000| Untracked 
|   8|0x00000007e0800000, 0x00000007e0800000, 0x00000007e0900000|  0%| F|  |TAMS 0x00000007e0800000, 0x00000007e0800000| Untracked 
|   9|0x00000007e0900000, 0x00000007e0900000, 0x00000007e0a00000|  0%| F|  |TAMS 0x00000007e0900000, 0x00000007e0900000| Untracked 
|  10|0x00000007e0a00000, 0x00000007e0a00000, 0x00000007e0b00000|  0%| F|  |TAMS 0x00000007e0a00000, 0x00000007e0a00000| Untracked 
|  11|0x00000007e0b00000, 0x00000007e0b00000, 0x00000007e0c00000|  0%| F|  |TAMS 0x00000007e0b00000, 0x00000007e0b00000| Untracked 
|  12|0x00000007e0c00000, 0x00000007e0c00000, 0x00000007e0d00000|  0%| F|  |TAMS 0x00000007e0c00000, 0x00000007e0c00000| Untracked 
|  13|0x00000007e0d00000, 0x00000007e0d00000, 0x00000007e0e00000|  0%| F|  |TAMS 0x00000007e0d00000, 0x00000007e0d00000| Untracked 
|  14|0x00000007e0e00000, 0x00000007e0e00000, 0x00000007e0f00000|  0%| F|  |TAMS 0x00000007e0e00000, 0x00000007e0e00000| Untracked 
|  15|0x00000007e0f00000, 0x00000007e0f00000, 0x00000007e1000000|  0%| F|  |TAMS 0x00000007e0f00000, 0x00000007e0f00000| Untracked 
|  16|0x00000007e1000000, 0x00000007e1000000, 0x00000007e1100000|  0%| F|  |TAMS 0x00000007e1000000, 0x00000007e1000000| Untracked 
|  17|0x00000007e1100000, 0x00000007e1100000, 0x00000007e1200000|  0%| F|  |TAMS 0x00000007e1100000, 0x00000007e1100000| Untracked 
|  18|0x00000007e1200000, 0x00000007e1200000, 0x00000007e1300000|  0%| F|  |TAMS 0x00000007e1200000, 0x00000007e1200000| Untracked 
|  19|0x00000007e1300000, 0x00000007e1300000, 0x00000007e1400000|  0%| F|  |TAMS 0x00000007e1300000, 0x00000007e1300000| Untracked 
|  20|0x00000007e1400000, 0x00000007e1400000, 0x00000007e1500000|  0%| F|  |TAMS 0x00000007e1400000, 0x00000007e1400000| Untracked 
|  21|0x00000007e1500000, 0x00000007e1500000, 0x00000007e1600000|  0%| F|  |TAMS 0x00000007e1500000, 0x00000007e1500000| Untracked 
|  22|0x00000007e1600000, 0x00000007e1600000, 0x00000007e1700000|  0%| F|  |TAMS 0x00000007e1600000, 0x00000007e1600000| Untracked 
|  23|0x00000007e1700000, 0x00000007e1700000, 0x00000007e1800000|  0%| F|  |TAMS 0x00000007e1700000, 0x00000007e1700000| Untracked 
|  24|0x00000007e1800000, 0x00000007e1800000, 0x00000007e1900000|  0%| F|  |TAMS 0x00000007e1800000, 0x00000007e1800000| Untracked 
|  25|0x00000007e1900000, 0x00000007e1900000, 0x00000007e1a00000|  0%| F|  |TAMS 0x00000007e1900000, 0x00000007e1900000| Untracked 
|  26|0x00000007e1a00000, 0x00000007e1a00000, 0x00000007e1b00000|  0%| F|  |TAMS 0x00000007e1a00000, 0x00000007e1a00000| Untracked 
|  27|0x00000007e1b00000, 0x00000007e1b00000, 0x00000007e1c00000|  0%| F|  |TAMS 0x00000007e1b00000, 0x00000007e1b00000| Untracked 
|  28|0x00000007e1c00000, 0x00000007e1c00000, 0x00000007e1d00000|  0%| F|  |TAMS 0x00000007e1c00000, 0x00000007e1c00000| Untracked 
|  29|0x00000007e1d00000, 0x00000007e1d00000, 0x00000007e1e00000|  0%| F|  |TAMS 0x00000007e1d00000, 0x00000007e1d00000| Untracked 
|  30|0x00000007e1e00000, 0x00000007e1e00000, 0x00000007e1f00000|  0%| F|  |TAMS 0x00000007e1e00000, 0x00000007e1e00000| Untracked 
|  31|0x00000007e1f00000, 0x00000007e1f00000, 0x00000007e2000000|  0%| F|  |TAMS 0x00000007e1f00000, 0x00000007e1f00000| Untracked 
|  32|0x00000007e2000000, 0x00000007e2000000, 0x00000007e2100000|  0%| F|  |TAMS 0x00000007e2000000, 0x00000007e2000000| Untracked 
|  33|0x00000007e2100000, 0x00000007e2100000, 0x00000007e2200000|  0%| F|  |TAMS 0x00000007e2100000, 0x00000007e2100000| Untracked 
|  34|0x00000007e2200000, 0x00000007e2200000, 0x00000007e2300000|  0%| F|  |TAMS 0x00000007e2200000, 0x00000007e2200000| Untracked 
|  35|0x00000007e2300000, 0x00000007e2300000, 0x00000007e2400000|  0%| F|  |TAMS 0x00000007e2300000, 0x00000007e2300000| Untracked 
|  36|0x00000007e2400000, 0x00000007e2400000, 0x00000007e2500000|  0%| F|  |TAMS 0x00000007e2400000, 0x00000007e2400000| Untracked 
|  37|0x00000007e2500000, 0x00000007e2500000, 0x00000007e2600000|  0%| F|  |TAMS 0x00000007e2500000, 0x00000007e2500000| Untracked 
|  38|0x00000007e2600000, 0x00000007e2600000, 0x00000007e2700000|  0%| F|  |TAMS 0x00000007e2600000, 0x00000007e2600000| Untracked 
|  39|0x00000007e2700000, 0x00000007e2700000, 0x00000007e2800000|  0%| F|  |TAMS 0x00000007e2700000, 0x00000007e2700000| Untracked 
|  40|0x00000007e2800000, 0x00000007e2800000, 0x00000007e2900000|  0%| F|  |TAMS 0x00000007e2800000, 0x00000007e2800000| Untracked 
|  41|0x00000007e2900000, 0x00000007e2900000, 0x00000007e2a00000|  0%| F|  |TAMS 0x00000007e2900000, 0x00000007e2900000| Untracked 
|  42|0x00000007e2a00000, 0x00000007e2a00000, 0x00000007e2b00000|  0%| F|  |TAMS 0x00000007e2a00000, 0x00000007e2a00000| Untracked 
|  43|0x00000007e2b00000, 0x00000007e2b00000, 0x00000007e2c00000|  0%| F|  |TAMS 0x00000007e2b00000, 0x00000007e2b00000| Untracked 
|  44|0x00000007e2c00000, 0x00000007e2c00000, 0x00000007e2d00000|  0%| F|  |TAMS 0x00000007e2c00000, 0x00000007e2c00000| Untracked 
|  45|0x00000007e2d00000, 0x00000007e2d00000, 0x00000007e2e00000|  0%| F|  |TAMS 0x00000007e2d00000, 0x00000007e2d00000| Untracked 
|  46|0x00000007e2e00000, 0x00000007e2e00000, 0x00000007e2f00000|  0%| F|  |TAMS 0x00000007e2e00000, 0x00000007e2e00000| Untracked 
|  47|0x00000007e2f00000, 0x00000007e2f00000, 0x00000007e3000000|  0%| F|  |TAMS 0x00000007e2f00000, 0x00000007e2f00000| Untracked 
|  48|0x00000007e3000000, 0x00000007e3000000, 0x00000007e3100000|  0%| F|  |TAMS 0x00000007e3000000, 0x00000007e3000000| Untracked 
|  49|0x00000007e3100000, 0x00000007e3100000, 0x00000007e3200000|  0%| F|  |TAMS 0x00000007e3100000, 0x00000007e3100000| Untracked 
|  50|0x00000007e3200000, 0x00000007e3200000, 0x00000007e3300000|  0%| F|  |TAMS 0x00000007e3200000, 0x00000007e3200000| Untracked 
|  51|0x00000007e3300000, 0x00000007e3300000, 0x00000007e3400000|  0%| F|  |TAMS 0x00000007e3300000, 0x00000007e3300000| Untracked 
|  52|0x00000007e3400000, 0x00000007e3400000, 0x00000007e3500000|  0%| F|  |TAMS 0x00000007e3400000, 0x00000007e3400000| Untracked 
|  53|0x00000007e3500000, 0x00000007e3500000, 0x00000007e3600000|  0%| F|  |TAMS 0x00000007e3500000, 0x00000007e3500000| Untracked 
|  54|0x00000007e3600000, 0x00000007e3600000, 0x00000007e3700000|  0%| F|  |TAMS 0x00000007e3600000, 0x00000007e3600000| Untracked 
|  55|0x00000007e3700000, 0x00000007e3700000, 0x00000007e3800000|  0%| F|  |TAMS 0x00000007e3700000, 0x00000007e3700000| Untracked 
|  56|0x00000007e3800000, 0x00000007e3800000, 0x00000007e3900000|  0%| F|  |TAMS 0x00000007e3800000, 0x00000007e3800000| Untracked 
|  57|0x00000007e3900000, 0x00000007e3900000, 0x00000007e3a00000|  0%| F|  |TAMS 0x00000007e3900000, 0x00000007e3900000| Untracked 
|  58|0x00000007e3a00000, 0x00000007e3a00000, 0x00000007e3b00000|  0%| F|  |TAMS 0x00000007e3a00000, 0x00000007e3a00000| Untracked 
|  59|0x00000007e3b00000, 0x00000007e3b00000, 0x00000007e3c00000|  0%| F|  |TAMS 0x00000007e3b00000, 0x00000007e3b00000| Untracked 
|  60|0x00000007e3c00000, 0x00000007e3c00000, 0x00000007e3d00000|  0%| F|  |TAMS 0x00000007e3c00000, 0x00000007e3c00000| Untracked 
|  61|0x00000007e3d00000, 0x00000007e3d00000, 0x00000007e3e00000|  0%| F|  |TAMS 0x00000007e3d00000, 0x00000007e3d00000| Untracked 
|  62|0x00000007e3e00000, 0x00000007e3e00000, 0x00000007e3f00000|  0%| F|  |TAMS 0x00000007e3e00000, 0x00000007e3e00000| Untracked 
|  63|0x00000007e3f00000, 0x00000007e3f00000, 0x00000007e4000000|  0%| F|  |TAMS 0x00000007e3f00000, 0x00000007e3f00000| Untracked 
|  64|0x00000007e4000000, 0x00000007e4000000, 0x00000007e4100000|  0%| F|  |TAMS 0x00000007e4000000, 0x00000007e4000000| Untracked 
|  65|0x00000007e4100000, 0x00000007e4100000, 0x00000007e4200000|  0%| F|  |TAMS 0x00000007e4100000, 0x00000007e4100000| Untracked 
|  66|0x00000007e4200000, 0x00000007e4200000, 0x00000007e4300000|  0%| F|  |TAMS 0x00000007e4200000, 0x00000007e4200000| Untracked 
|  67|0x00000007e4300000, 0x00000007e4300000, 0x00000007e4400000|  0%| F|  |TAMS 0x00000007e4300000, 0x00000007e4300000| Untracked 
|  68|0x00000007e4400000, 0x00000007e4400000, 0x00000007e4500000|  0%| F|  |TAMS 0x00000007e4400000, 0x00000007e4400000| Untracked 
|  69|0x00000007e4500000, 0x00000007e4500000, 0x00000007e4600000|  0%| F|  |TAMS 0x00000007e4500000, 0x00000007e4500000| Untracked 
|  70|0x00000007e4600000, 0x00000007e4600000, 0x00000007e4700000|  0%| F|  |TAMS 0x00000007e4600000, 0x00000007e4600000| Untracked 
|  71|0x00000007e4700000, 0x00000007e4700000, 0x00000007e4800000|  0%| F|  |TAMS 0x00000007e4700000, 0x00000007e4700000| Untracked 
|  72|0x00000007e4800000, 0x00000007e4800000, 0x00000007e4900000|  0%| F|  |TAMS 0x00000007e4800000, 0x00000007e4800000| Untracked 
|  73|0x00000007e4900000, 0x00000007e4900000, 0x00000007e4a00000|  0%| F|  |TAMS 0x00000007e4900000, 0x00000007e4900000| Untracked 
|  74|0x00000007e4a00000, 0x00000007e4a00000, 0x00000007e4b00000|  0%| F|  |TAMS 0x00000007e4a00000, 0x00000007e4a00000| Untracked 
|  75|0x00000007e4b00000, 0x00000007e4b00000, 0x00000007e4c00000|  0%| F|  |TAMS 0x00000007e4b00000, 0x00000007e4b00000| Untracked 
|  76|0x00000007e4c00000, 0x00000007e4c00000, 0x00000007e4d00000|  0%| F|  |TAMS 0x00000007e4c00000, 0x00000007e4c00000| Untracked 
|  77|0x00000007e4d00000, 0x00000007e4d00000, 0x00000007e4e00000|  0%| F|  |TAMS 0x00000007e4d00000, 0x00000007e4d00000| Untracked 
|  78|0x00000007e4e00000, 0x00000007e4e00000, 0x00000007e4f00000|  0%| F|  |TAMS 0x00000007e4e00000, 0x00000007e4e00000| Untracked 
|  79|0x00000007e4f00000, 0x00000007e4f00000, 0x00000007e5000000|  0%| F|  |TAMS 0x00000007e4f00000, 0x00000007e4f00000| Untracked 
|  80|0x00000007e5000000, 0x00000007e5000000, 0x00000007e5100000|  0%| F|  |TAMS 0x00000007e5000000, 0x00000007e5000000| Untracked 
|  81|0x00000007e5100000, 0x00000007e5100000, 0x00000007e5200000|  0%| F|  |TAMS 0x00000007e5100000, 0x00000007e5100000| Untracked 
|  82|0x00000007e5200000, 0x00000007e5200000, 0x00000007e5300000|  0%| F|  |TAMS 0x00000007e5200000, 0x00000007e5200000| Untracked 
|  83|0x00000007e5300000, 0x00000007e5300000, 0x00000007e5400000|  0%| F|  |TAMS 0x00000007e5300000, 0x00000007e5300000| Untracked 
|  84|0x00000007e5400000, 0x00000007e5400000, 0x00000007e5500000|  0%| F|  |TAMS 0x00000007e5400000, 0x00000007e5400000| Untracked 
|  85|0x00000007e5500000, 0x00000007e5500000, 0x00000007e5600000|  0%| F|  |TAMS 0x00000007e5500000, 0x00000007e5500000| Untracked 
|  86|0x00000007e5600000, 0x00000007e5600000, 0x00000007e5700000|  0%| F|  |TAMS 0x00000007e5600000, 0x00000007e5600000| Untracked 
|  87|0x00000007e5700000, 0x00000007e5700000, 0x00000007e5800000|  0%| F|  |TAMS 0x00000007e5700000, 0x00000007e5700000| Untracked 
|  88|0x00000007e5800000, 0x00000007e5800000, 0x00000007e5900000|  0%| F|  |TAMS 0x00000007e5800000, 0x00000007e5800000| Untracked 
|  89|0x00000007e5900000, 0x00000007e5900000, 0x00000007e5a00000|  0%| F|  |TAMS 0x00000007e5900000, 0x00000007e5900000| Untracked 
|  90|0x00000007e5a00000, 0x00000007e5a00000, 0x00000007e5b00000|  0%| F|  |TAMS 0x00000007e5a00000, 0x00000007e5a00000| Untracked 
|  91|0x00000007e5b00000, 0x00000007e5b00000, 0x00000007e5c00000|  0%| F|  |TAMS 0x00000007e5b00000, 0x00000007e5b00000| Untracked 
|  92|0x00000007e5c00000, 0x00000007e5c00000, 0x00000007e5d00000|  0%| F|  |TAMS 0x00000007e5c00000, 0x00000007e5c00000| Untracked 
|  93|0x00000007e5d00000, 0x00000007e5d00000, 0x00000007e5e00000|  0%| F|  |TAMS 0x00000007e5d00000, 0x00000007e5d00000| Untracked 
|  94|0x00000007e5e00000, 0x00000007e5e00000, 0x00000007e5f00000|  0%| F|  |TAMS 0x00000007e5e00000, 0x00000007e5e00000| Untracked 
|  95|0x00000007e5f00000, 0x00000007e5f00000, 0x00000007e6000000|  0%| F|  |TAMS 0x00000007e5f00000, 0x00000007e5f00000| Untracked 
|  96|0x00000007e6000000, 0x00000007e6000000, 0x00000007e6100000|  0%| F|  |TAMS 0x00000007e6000000, 0x00000007e6000000| Untracked 
|  97|0x00000007e6100000, 0x00000007e6100000, 0x00000007e6200000|  0%| F|  |TAMS 0x00000007e6100000, 0x00000007e6100000| Untracked 
|  98|0x00000007e6200000, 0x00000007e6200000, 0x00000007e6300000|  0%| F|  |TAMS 0x00000007e6200000, 0x00000007e6200000| Untracked 
|  99|0x00000007e6300000, 0x00000007e6300000, 0x00000007e6400000|  0%| F|  |TAMS 0x00000007e6300000, 0x00000007e6300000| Untracked 
| 100|0x00000007e6400000, 0x00000007e6400000, 0x00000007e6500000|  0%| F|  |TAMS 0x00000007e6400000, 0x00000007e6400000| Untracked 
| 101|0x00000007e6500000, 0x00000007e6500000, 0x00000007e6600000|  0%| F|  |TAMS 0x00000007e6500000, 0x00000007e6500000| Untracked 
| 102|0x00000007e6600000, 0x00000007e6600000, 0x00000007e6700000|  0%| F|  |TAMS 0x00000007e6600000, 0x00000007e6600000| Untracked 
| 103|0x00000007e6700000, 0x00000007e6700000, 0x00000007e6800000|  0%| F|  |TAMS 0x00000007e6700000, 0x00000007e6700000| Untracked 
| 104|0x00000007e6800000, 0x00000007e6800000, 0x00000007e6900000|  0%| F|  |TAMS 0x00000007e6800000, 0x00000007e6800000| Untracked 
| 105|0x00000007e6900000, 0x00000007e6900000, 0x00000007e6a00000|  0%| F|  |TAMS 0x00000007e6900000, 0x00000007e6900000| Untracked 
| 106|0x00000007e6a00000, 0x00000007e6a00000, 0x00000007e6b00000|  0%| F|  |TAMS 0x00000007e6a00000, 0x00000007e6a00000| Untracked 
| 107|0x00000007e6b00000, 0x00000007e6b00000, 0x00000007e6c00000|  0%| F|  |TAMS 0x00000007e6b00000, 0x00000007e6b00000| Untracked 
| 108|0x00000007e6c00000, 0x00000007e6c00000, 0x00000007e6d00000|  0%| F|  |TAMS 0x00000007e6c00000, 0x00000007e6c00000| Untracked 
| 109|0x00000007e6d00000, 0x00000007e6d00000, 0x00000007e6e00000|  0%| F|  |TAMS 0x00000007e6d00000, 0x00000007e6d00000| Untracked 
| 110|0x00000007e6e00000, 0x00000007e6e00000, 0x00000007e6f00000|  0%| F|  |TAMS 0x00000007e6e00000, 0x00000007e6e00000| Untracked 
| 111|0x00000007e6f00000, 0x00000007e6f00000, 0x00000007e7000000|  0%| F|  |TAMS 0x00000007e6f00000, 0x00000007e6f00000| Untracked 
| 112|0x00000007e7000000, 0x00000007e7000000, 0x00000007e7100000|  0%| F|  |TAMS 0x00000007e7000000, 0x00000007e7000000| Untracked 
| 113|0x00000007e7100000, 0x00000007e7100000, 0x00000007e7200000|  0%| F|  |TAMS 0x00000007e7100000, 0x00000007e7100000| Untracked 
| 114|0x00000007e7200000, 0x00000007e7200000, 0x00000007e7300000|  0%| F|  |TAMS 0x00000007e7200000, 0x00000007e7200000| Untracked 
| 115|0x00000007e7300000, 0x00000007e7300000, 0x00000007e7400000|  0%| F|  |TAMS 0x00000007e7300000, 0x00000007e7300000| Untracked 
| 116|0x00000007e7400000, 0x00000007e7400000, 0x00000007e7500000|  0%| F|  |TAMS 0x00000007e7400000, 0x00000007e7400000| Untracked 
| 117|0x00000007e7500000, 0x00000007e7500000, 0x00000007e7600000|  0%| F|  |TAMS 0x00000007e7500000, 0x00000007e7500000| Untracked 
| 118|0x00000007e7600000, 0x00000007e7600000, 0x00000007e7700000|  0%| F|  |TAMS 0x00000007e7600000, 0x00000007e7600000| Untracked 
| 119|0x00000007e7700000, 0x00000007e7700000, 0x00000007e7800000|  0%| F|  |TAMS 0x00000007e7700000, 0x00000007e7700000| Untracked 
| 120|0x00000007e7800000, 0x00000007e7800000, 0x00000007e7900000|  0%| F|  |TAMS 0x00000007e7800000, 0x00000007e7800000| Untracked 
| 121|0x00000007e7900000, 0x00000007e7900000, 0x00000007e7a00000|  0%| F|  |TAMS 0x00000007e7900000, 0x00000007e7900000| Untracked 
| 122|0x00000007e7a00000, 0x00000007e7a00000, 0x00000007e7b00000|  0%| F|  |TAMS 0x00000007e7a00000, 0x00000007e7a00000| Untracked 
| 123|0x00000007e7b00000, 0x00000007e7b00000, 0x00000007e7c00000|  0%| F|  |TAMS 0x00000007e7b00000, 0x00000007e7b00000| Untracked 
| 124|0x00000007e7c00000, 0x00000007e7c00000, 0x00000007e7d00000|  0%| F|  |TAMS 0x00000007e7c00000, 0x00000007e7c00000| Untracked 
| 125|0x00000007e7d00000, 0x00000007e7d00000, 0x00000007e7e00000|  0%| F|  |TAMS 0x00000007e7d00000, 0x00000007e7d00000| Untracked 
| 126|0x00000007e7e00000, 0x00000007e7e00000, 0x00000007e7f00000|  0%| F|  |TAMS 0x00000007e7e00000, 0x00000007e7e00000| Untracked 
| 127|0x00000007e7f00000, 0x00000007e7f00000, 0x00000007e8000000|  0%| F|  |TAMS 0x00000007e7f00000, 0x00000007e7f00000| Untracked 
| 128|0x00000007e8000000, 0x00000007e8000000, 0x00000007e8100000|  0%| F|  |TAMS 0x00000007e8000000, 0x00000007e8000000| Untracked 
| 129|0x00000007e8100000, 0x00000007e8100000, 0x00000007e8200000|  0%| F|  |TAMS 0x00000007e8100000, 0x00000007e8100000| Untracked 
| 130|0x00000007e8200000, 0x00000007e8200000, 0x00000007e8300000|  0%| F|  |TAMS 0x00000007e8200000, 0x00000007e8200000| Untracked 
| 131|0x00000007e8300000, 0x00000007e8300000, 0x00000007e8400000|  0%| F|  |TAMS 0x00000007e8300000, 0x00000007e8300000| Untracked 
| 132|0x00000007e8400000, 0x00000007e8400000, 0x00000007e8500000|  0%| F|  |TAMS 0x00000007e8400000, 0x00000007e8400000| Untracked 
| 133|0x00000007e8500000, 0x00000007e8500000, 0x00000007e8600000|  0%| F|  |TAMS 0x00000007e8500000, 0x00000007e8500000| Untracked 
| 134|0x00000007e8600000, 0x00000007e8600000, 0x00000007e8700000|  0%| F|  |TAMS 0x00000007e8600000, 0x00000007e8600000| Untracked 
| 135|0x00000007e8700000, 0x00000007e8700000, 0x00000007e8800000|  0%| F|  |TAMS 0x00000007e8700000, 0x00000007e8700000| Untracked 
| 136|0x00000007e8800000, 0x00000007e8800000, 0x00000007e8900000|  0%| F|  |TAMS 0x00000007e8800000, 0x00000007e8800000| Untracked 
| 137|0x00000007e8900000, 0x00000007e8900000, 0x00000007e8a00000|  0%| F|  |TAMS 0x00000007e8900000, 0x00000007e8900000| Untracked 
| 138|0x00000007e8a00000, 0x00000007e8a00000, 0x00000007e8b00000|  0%| F|  |TAMS 0x00000007e8a00000, 0x00000007e8a00000| Untracked 
| 139|0x00000007e8b00000, 0x00000007e8b00000, 0x00000007e8c00000|  0%| F|  |TAMS 0x00000007e8b00000, 0x00000007e8b00000| Untracked 
| 140|0x00000007e8c00000, 0x00000007e8c00000, 0x00000007e8d00000|  0%| F|  |TAMS 0x00000007e8c00000, 0x00000007e8c00000| Untracked 
| 141|0x00000007e8d00000, 0x00000007e8d00000, 0x00000007e8e00000|  0%| F|  |TAMS 0x00000007e8d00000, 0x00000007e8d00000| Untracked 
| 142|0x00000007e8e00000, 0x00000007e8e00000, 0x00000007e8f00000|  0%| F|  |TAMS 0x00000007e8e00000, 0x00000007e8e00000| Untracked 
| 143|0x00000007e8f00000, 0x00000007e8f00000, 0x00000007e9000000|  0%| F|  |TAMS 0x00000007e8f00000, 0x00000007e8f00000| Untracked 
| 144|0x00000007e9000000, 0x00000007e9000000, 0x00000007e9100000|  0%| F|  |TAMS 0x00000007e9000000, 0x00000007e9000000| Untracked 
| 145|0x00000007e9100000, 0x00000007e9100000, 0x00000007e9200000|  0%| F|  |TAMS 0x00000007e9100000, 0x00000007e9100000| Untracked 
| 146|0x00000007e9200000, 0x00000007e9200000, 0x00000007e9300000|  0%| F|  |TAMS 0x00000007e9200000, 0x00000007e9200000| Untracked 
| 147|0x00000007e9300000, 0x00000007e9300000, 0x00000007e9400000|  0%| F|  |TAMS 0x00000007e9300000, 0x00000007e9300000| Untracked 
| 148|0x00000007e9400000, 0x00000007e9400000, 0x00000007e9500000|  0%| F|  |TAMS 0x00000007e9400000, 0x00000007e9400000| Untracked 
| 149|0x00000007e9500000, 0x00000007e9500000, 0x00000007e9600000|  0%| F|  |TAMS 0x00000007e9500000, 0x00000007e9500000| Untracked 
| 150|0x00000007e9600000, 0x00000007e9600000, 0x00000007e9700000|  0%| F|  |TAMS 0x00000007e9600000, 0x00000007e9600000| Untracked 
| 151|0x00000007e9700000, 0x00000007e9700000, 0x00000007e9800000|  0%| F|  |TAMS 0x00000007e9700000, 0x00000007e9700000| Untracked 
| 152|0x00000007e9800000, 0x00000007e9800000, 0x00000007e9900000|  0%| F|  |TAMS 0x00000007e9800000, 0x00000007e9800000| Untracked 
| 153|0x00000007e9900000, 0x00000007e9900000, 0x00000007e9a00000|  0%| F|  |TAMS 0x00000007e9900000, 0x00000007e9900000| Untracked 
| 154|0x00000007e9a00000, 0x00000007e9a00000, 0x00000007e9b00000|  0%| F|  |TAMS 0x00000007e9a00000, 0x00000007e9a00000| Untracked 
| 155|0x00000007e9b00000, 0x00000007e9b00000, 0x00000007e9c00000|  0%| F|  |TAMS 0x00000007e9b00000, 0x00000007e9b00000| Untracked 
| 156|0x00000007e9c00000, 0x00000007e9c00000, 0x00000007e9d00000|  0%| F|  |TAMS 0x00000007e9c00000, 0x00000007e9c00000| Untracked 
| 157|0x00000007e9d00000, 0x00000007e9d00000, 0x00000007e9e00000|  0%| F|  |TAMS 0x00000007e9d00000, 0x00000007e9d00000| Untracked 
| 158|0x00000007e9e00000, 0x00000007e9e00000, 0x00000007e9f00000|  0%| F|  |TAMS 0x00000007e9e00000, 0x00000007e9e00000| Untracked 
| 159|0x00000007e9f00000, 0x00000007e9f00000, 0x00000007ea000000|  0%| F|  |TAMS 0x00000007e9f00000, 0x00000007e9f00000| Untracked 
| 160|0x00000007ea000000, 0x00000007ea000000, 0x00000007ea100000|  0%| F|  |TAMS 0x00000007ea000000, 0x00000007ea000000| Untracked 
| 161|0x00000007ea100000, 0x00000007ea100000, 0x00000007ea200000|  0%| F|  |TAMS 0x00000007ea100000, 0x00000007ea100000| Untracked 
| 162|0x00000007ea200000, 0x00000007ea200000, 0x00000007ea300000|  0%| F|  |TAMS 0x00000007ea200000, 0x00000007ea200000| Untracked 
| 163|0x00000007ea300000, 0x00000007ea300000, 0x00000007ea400000|  0%| F|  |TAMS 0x00000007ea300000, 0x00000007ea300000| Untracked 
| 164|0x00000007ea400000, 0x00000007ea400000, 0x00000007ea500000|  0%| F|  |TAMS 0x00000007ea400000, 0x00000007ea400000| Untracked 
| 165|0x00000007ea500000, 0x00000007ea500000, 0x00000007ea600000|  0%| F|  |TAMS 0x00000007ea500000, 0x00000007ea500000| Untracked 
| 166|0x00000007ea600000, 0x00000007ea600000, 0x00000007ea700000|  0%| F|  |TAMS 0x00000007ea600000, 0x00000007ea600000| Untracked 
| 167|0x00000007ea700000, 0x00000007ea700000, 0x00000007ea800000|  0%| F|  |TAMS 0x00000007ea700000, 0x00000007ea700000| Untracked 
| 168|0x00000007ea800000, 0x00000007ea800000, 0x00000007ea900000|  0%| F|  |TAMS 0x00000007ea800000, 0x00000007ea800000| Untracked 
| 169|0x00000007ea900000, 0x00000007ea900000, 0x00000007eaa00000|  0%| F|  |TAMS 0x00000007ea900000, 0x00000007ea900000| Untracked 
| 170|0x00000007eaa00000, 0x00000007eaa00000, 0x00000007eab00000|  0%| F|  |TAMS 0x00000007eaa00000, 0x00000007eaa00000| Untracked 
| 171|0x00000007eab00000, 0x00000007eab00000, 0x00000007eac00000|  0%| F|  |TAMS 0x00000007eab00000, 0x00000007eab00000| Untracked 
| 172|0x00000007eac00000, 0x00000007eac00000, 0x00000007ead00000|  0%| F|  |TAMS 0x00000007eac00000, 0x00000007eac00000| Untracked 
| 173|0x00000007ead00000, 0x00000007ead00000, 0x00000007eae00000|  0%| F|  |TAMS 0x00000007ead00000, 0x00000007ead00000| Untracked 
| 174|0x00000007eae00000, 0x00000007eae00000, 0x00000007eaf00000|  0%| F|  |TAMS 0x00000007eae00000, 0x00000007eae00000| Untracked 
| 175|0x00000007eaf00000, 0x00000007eaf00000, 0x00000007eb000000|  0%| F|  |TAMS 0x00000007eaf00000, 0x00000007eaf00000| Untracked 
| 176|0x00000007eb000000, 0x00000007eb000000, 0x00000007eb100000|  0%| F|  |TAMS 0x00000007eb000000, 0x00000007eb000000| Untracked 
| 177|0x00000007eb100000, 0x00000007eb100000, 0x00000007eb200000|  0%| F|  |TAMS 0x00000007eb100000, 0x00000007eb100000| Untracked 
| 178|0x00000007eb200000, 0x00000007eb200000, 0x00000007eb300000|  0%| F|  |TAMS 0x00000007eb200000, 0x00000007eb200000| Untracked 
| 179|0x00000007eb300000, 0x00000007eb300000, 0x00000007eb400000|  0%| F|  |TAMS 0x00000007eb300000, 0x00000007eb300000| Untracked 
| 180|0x00000007eb400000, 0x00000007eb400000, 0x00000007eb500000|  0%| F|  |TAMS 0x00000007eb400000, 0x00000007eb400000| Untracked 
| 181|0x00000007eb500000, 0x00000007eb500000, 0x00000007eb600000|  0%| F|  |TAMS 0x00000007eb500000, 0x00000007eb500000| Untracked 
| 182|0x00000007eb600000, 0x00000007eb600000, 0x00000007eb700000|  0%| F|  |TAMS 0x00000007eb600000, 0x00000007eb600000| Untracked 
| 183|0x00000007eb700000, 0x00000007eb700000, 0x00000007eb800000|  0%| F|  |TAMS 0x00000007eb700000, 0x00000007eb700000| Untracked 
| 184|0x00000007eb800000, 0x00000007eb800000, 0x00000007eb900000|  0%| F|  |TAMS 0x00000007eb800000, 0x00000007eb800000| Untracked 
| 185|0x00000007eb900000, 0x00000007eb900000, 0x00000007eba00000|  0%| F|  |TAMS 0x00000007eb900000, 0x00000007eb900000| Untracked 
| 186|0x00000007eba00000, 0x00000007eba00000, 0x00000007ebb00000|  0%| F|  |TAMS 0x00000007eba00000, 0x00000007eba00000| Untracked 
| 187|0x00000007ebb00000, 0x00000007ebb00000, 0x00000007ebc00000|  0%| F|  |TAMS 0x00000007ebb00000, 0x00000007ebb00000| Untracked 
| 188|0x00000007ebc00000, 0x00000007ebc00000, 0x00000007ebd00000|  0%| F|  |TAMS 0x00000007ebc00000, 0x00000007ebc00000| Untracked 
| 189|0x00000007ebd00000, 0x00000007ebd00000, 0x00000007ebe00000|  0%| F|  |TAMS 0x00000007ebd00000, 0x00000007ebd00000| Untracked 
| 190|0x00000007ebe00000, 0x00000007ebe00000, 0x00000007ebf00000|  0%| F|  |TAMS 0x00000007ebe00000, 0x00000007ebe00000| Untracked 
| 191|0x00000007ebf00000, 0x00000007ebf00000, 0x00000007ec000000|  0%| F|  |TAMS 0x00000007ebf00000, 0x00000007ebf00000| Untracked 
| 192|0x00000007ec000000, 0x00000007ec000000, 0x00000007ec100000|  0%| F|  |TAMS 0x00000007ec000000, 0x00000007ec000000| Untracked 
| 193|0x00000007ec100000, 0x00000007ec100000, 0x00000007ec200000|  0%| F|  |TAMS 0x00000007ec100000, 0x00000007ec100000| Untracked 
| 194|0x00000007ec200000, 0x00000007ec200000, 0x00000007ec300000|  0%| F|  |TAMS 0x00000007ec200000, 0x00000007ec200000| Untracked 
| 195|0x00000007ec300000, 0x00000007ec300000, 0x00000007ec400000|  0%| F|  |TAMS 0x00000007ec300000, 0x00000007ec300000| Untracked 
| 196|0x00000007ec400000, 0x00000007ec400000, 0x00000007ec500000|  0%| F|  |TAMS 0x00000007ec400000, 0x00000007ec400000| Untracked 
| 197|0x00000007ec500000, 0x00000007ec500000, 0x00000007ec600000|  0%| F|  |TAMS 0x00000007ec500000, 0x00000007ec500000| Untracked 
| 198|0x00000007ec600000, 0x00000007ec600000, 0x00000007ec700000|  0%| F|  |TAMS 0x00000007ec600000, 0x00000007ec600000| Untracked 
| 199|0x00000007ec700000, 0x00000007ec700000, 0x00000007ec800000|  0%| F|  |TAMS 0x00000007ec700000, 0x00000007ec700000| Untracked 
| 200|0x00000007ec800000, 0x00000007ec800000, 0x00000007ec900000|  0%| F|  |TAMS 0x00000007ec800000, 0x00000007ec800000| Untracked 
| 201|0x00000007ec900000, 0x00000007ec900000, 0x00000007eca00000|  0%| F|  |TAMS 0x00000007ec900000, 0x00000007ec900000| Untracked 
| 202|0x00000007eca00000, 0x00000007eca00000, 0x00000007ecb00000|  0%| F|  |TAMS 0x00000007eca00000, 0x00000007eca00000| Untracked 
| 203|0x00000007ecb00000, 0x00000007ecb00000, 0x00000007ecc00000|  0%| F|  |TAMS 0x00000007ecb00000, 0x00000007ecb00000| Untracked 
| 204|0x00000007ecc00000, 0x00000007ecc00000, 0x00000007ecd00000|  0%| F|  |TAMS 0x00000007ecc00000, 0x00000007ecc00000| Untracked 
| 205|0x00000007ecd00000, 0x00000007ecd00000, 0x00000007ece00000|  0%| F|  |TAMS 0x00000007ecd00000, 0x00000007ecd00000| Untracked 
| 206|0x00000007ece00000, 0x00000007ece00000, 0x00000007ecf00000|  0%| F|  |TAMS 0x00000007ece00000, 0x00000007ece00000| Untracked 
| 207|0x00000007ecf00000, 0x00000007ecf00000, 0x00000007ed000000|  0%| F|  |TAMS 0x00000007ecf00000, 0x00000007ecf00000| Untracked 
| 208|0x00000007ed000000, 0x00000007ed000000, 0x00000007ed100000|  0%| F|  |TAMS 0x00000007ed000000, 0x00000007ed000000| Untracked 
| 209|0x00000007ed100000, 0x00000007ed100000, 0x00000007ed200000|  0%| F|  |TAMS 0x00000007ed100000, 0x00000007ed100000| Untracked 
| 210|0x00000007ed200000, 0x00000007ed200000, 0x00000007ed300000|  0%| F|  |TAMS 0x00000007ed200000, 0x00000007ed200000| Untracked 
| 211|0x00000007ed300000, 0x00000007ed300000, 0x00000007ed400000|  0%| F|  |TAMS 0x00000007ed300000, 0x00000007ed300000| Untracked 
| 212|0x00000007ed400000, 0x00000007ed400000, 0x00000007ed500000|  0%| F|  |TAMS 0x00000007ed400000, 0x00000007ed400000| Untracked 
| 213|0x00000007ed500000, 0x00000007ed500000, 0x00000007ed600000|  0%| F|  |TAMS 0x00000007ed500000, 0x00000007ed500000| Untracked 
| 214|0x00000007ed600000, 0x00000007ed600000, 0x00000007ed700000|  0%| F|  |TAMS 0x00000007ed600000, 0x00000007ed600000| Untracked 
| 215|0x00000007ed700000, 0x00000007ed700000, 0x00000007ed800000|  0%| F|  |TAMS 0x00000007ed700000, 0x00000007ed700000| Untracked 
| 216|0x00000007ed800000, 0x00000007ed800000, 0x00000007ed900000|  0%| F|  |TAMS 0x00000007ed800000, 0x00000007ed800000| Untracked 
| 217|0x00000007ed900000, 0x00000007ed900000, 0x00000007eda00000|  0%| F|  |TAMS 0x00000007ed900000, 0x00000007ed900000| Untracked 
| 218|0x00000007eda00000, 0x00000007eda00000, 0x00000007edb00000|  0%| F|  |TAMS 0x00000007eda00000, 0x00000007eda00000| Untracked 
| 219|0x00000007edb00000, 0x00000007edb00000, 0x00000007edc00000|  0%| F|  |TAMS 0x00000007edb00000, 0x00000007edb00000| Untracked 
| 220|0x00000007edc00000, 0x00000007edc00000, 0x00000007edd00000|  0%| F|  |TAMS 0x00000007edc00000, 0x00000007edc00000| Untracked 
| 221|0x00000007edd00000, 0x00000007edd00000, 0x00000007ede00000|  0%| F|  |TAMS 0x00000007edd00000, 0x00000007edd00000| Untracked 
| 222|0x00000007ede00000, 0x00000007ede00000, 0x00000007edf00000|  0%| F|  |TAMS 0x00000007ede00000, 0x00000007ede00000| Untracked 
| 223|0x00000007edf00000, 0x00000007edf00000, 0x00000007ee000000|  0%| F|  |TAMS 0x00000007edf00000, 0x00000007edf00000| Untracked 
| 224|0x00000007ee000000, 0x00000007ee000000, 0x00000007ee100000|  0%| F|  |TAMS 0x00000007ee000000, 0x00000007ee000000| Untracked 
| 225|0x00000007ee100000, 0x00000007ee100000, 0x00000007ee200000|  0%| F|  |TAMS 0x00000007ee100000, 0x00000007ee100000| Untracked 
| 226|0x00000007ee200000, 0x00000007ee200000, 0x00000007ee300000|  0%| F|  |TAMS 0x00000007ee200000, 0x00000007ee200000| Untracked 
| 227|0x00000007ee300000, 0x00000007ee300000, 0x00000007ee400000|  0%| F|  |TAMS 0x00000007ee300000, 0x00000007ee300000| Untracked 
| 228|0x00000007ee400000, 0x00000007ee400000, 0x00000007ee500000|  0%| F|  |TAMS 0x00000007ee400000, 0x00000007ee400000| Untracked 
| 229|0x00000007ee500000, 0x00000007ee500000, 0x00000007ee600000|  0%| F|  |TAMS 0x00000007ee500000, 0x00000007ee500000| Untracked 
| 230|0x00000007ee600000, 0x00000007ee600000, 0x00000007ee700000|  0%| F|  |TAMS 0x00000007ee600000, 0x00000007ee600000| Untracked 
| 231|0x00000007ee700000, 0x00000007ee700000, 0x00000007ee800000|  0%| F|  |TAMS 0x00000007ee700000, 0x00000007ee700000| Untracked 
| 232|0x00000007ee800000, 0x00000007ee800000, 0x00000007ee900000|  0%| F|  |TAMS 0x00000007ee800000, 0x00000007ee800000| Untracked 
| 233|0x00000007ee900000, 0x00000007ee900000, 0x00000007eea00000|  0%| F|  |TAMS 0x00000007ee900000, 0x00000007ee900000| Untracked 
| 234|0x00000007eea00000, 0x00000007eea00000, 0x00000007eeb00000|  0%| F|  |TAMS 0x00000007eea00000, 0x00000007eea00000| Untracked 
| 235|0x00000007eeb00000, 0x00000007eeb00000, 0x00000007eec00000|  0%| F|  |TAMS 0x00000007eeb00000, 0x00000007eeb00000| Untracked 
| 236|0x00000007eec00000, 0x00000007eec00000, 0x00000007eed00000|  0%| F|  |TAMS 0x00000007eec00000, 0x00000007eec00000| Untracked 
| 237|0x00000007eed00000, 0x00000007eed00000, 0x00000007eee00000|  0%| F|  |TAMS 0x00000007eed00000, 0x00000007eed00000| Untracked 
| 238|0x00000007eee00000, 0x00000007eee00000, 0x00000007eef00000|  0%| F|  |TAMS 0x00000007eee00000, 0x00000007eee00000| Untracked 
| 239|0x00000007eef00000, 0x00000007eef00000, 0x00000007ef000000|  0%| F|  |TAMS 0x00000007eef00000, 0x00000007eef00000| Untracked 
| 240|0x00000007ef000000, 0x00000007ef000000, 0x00000007ef100000|  0%| F|  |TAMS 0x00000007ef000000, 0x00000007ef000000| Untracked 
| 241|0x00000007ef100000, 0x00000007ef100000, 0x00000007ef200000|  0%| F|  |TAMS 0x00000007ef100000, 0x00000007ef100000| Untracked 
| 242|0x00000007ef200000, 0x00000007ef200000, 0x00000007ef300000|  0%| F|  |TAMS 0x00000007ef200000, 0x00000007ef200000| Untracked 
| 243|0x00000007ef300000, 0x00000007ef300000, 0x00000007ef400000|  0%| F|  |TAMS 0x00000007ef300000, 0x00000007ef300000| Untracked 
| 244|0x00000007ef400000, 0x00000007ef400000, 0x00000007ef500000|  0%| F|  |TAMS 0x00000007ef400000, 0x00000007ef400000| Untracked 
| 245|0x00000007ef500000, 0x00000007ef500000, 0x00000007ef600000|  0%| F|  |TAMS 0x00000007ef500000, 0x00000007ef500000| Untracked 
| 246|0x00000007ef600000, 0x00000007ef600000, 0x00000007ef700000|  0%| F|  |TAMS 0x00000007ef600000, 0x00000007ef600000| Untracked 
| 247|0x00000007ef700000, 0x00000007ef700000, 0x00000007ef800000|  0%| F|  |TAMS 0x00000007ef700000, 0x00000007ef700000| Untracked 
| 248|0x00000007ef800000, 0x00000007ef800000, 0x00000007ef900000|  0%| F|  |TAMS 0x00000007ef800000, 0x00000007ef800000| Untracked 
| 249|0x00000007ef900000, 0x00000007ef900000, 0x00000007efa00000|  0%| F|  |TAMS 0x00000007ef900000, 0x00000007ef900000| Untracked 
| 250|0x00000007efa00000, 0x00000007efa00000, 0x00000007efb00000|  0%| F|  |TAMS 0x00000007efa00000, 0x00000007efa00000| Untracked 
| 251|0x00000007efb00000, 0x00000007efb00000, 0x00000007efc00000|  0%| F|  |TAMS 0x00000007efb00000, 0x00000007efb00000| Untracked 
| 252|0x00000007efc00000, 0x00000007efc00000, 0x00000007efd00000|  0%| F|  |TAMS 0x00000007efc00000, 0x00000007efc00000| Untracked 
| 253|0x00000007efd00000, 0x00000007efd00000, 0x00000007efe00000|  0%| F|  |TAMS 0x00000007efd00000, 0x00000007efd00000| Untracked 
| 254|0x00000007efe00000, 0x00000007efeec088, 0x00000007eff00000| 92%| E|  |TAMS 0x00000007efe00000, 0x00000007efe00000| Complete 
| 255|0x00000007eff00000, 0x00000007f0000000, 0x00000007f0000000|100%| E|CS|TAMS 0x00000007eff00000, 0x00000007eff00000| Complete 
| 510|0x00000007ffe00000, 0x00000007ffe74000, 0x00000007fff00000| 45%|OA|  |TAMS 0x00000007ffe00000, 0x00000007ffe00000| Untracked 
| 511|0x00000007fff00000, 0x00000007fff72000, 0x0000000800000000| 44%|CA|  |TAMS 0x00000007fff00000, 0x00000007fff00000| Untracked 

Card table byte_map: [0x000000013466b000,0x000000013476b000] _byte_map_base: 0x000000013076b000

Marking Bits (Prev, Next): (CMBitMap*) 0x00007fc38b209010, (CMBitMap*) 0x00007fc38b209050
 Prev Bits: [0x000000013486b000, 0x000000013506b000)
 Next Bits: [0x000000013506b000, 0x000000013586b000)

Polling page: 0x0000000113f07000

Metaspace:

Usage:
  Non-class:    295.00 KB used.
      Class:     20.37 KB used.
       Both:    315.37 KB used.

Virtual space:
  Non-class space:       64.00 MB reserved,     384.00 KB ( <1%) committed,  1 nodes.
      Class space:        1.00 GB reserved,     128.00 KB ( <1%) committed,  1 nodes.
             Both:        1.06 GB reserved,     512.00 KB ( <1%) committed. 

Chunk freelists:
   Non-Class:  3.91 MB
       Class:  3.74 MB
        Both:  7.64 MB

MaxMetaspaceSize: unlimited
CompressedClassSpaceSize: 1.00 GB
Initial GC threshold: 21.00 MB
Current GC threshold: 21.00 MB
CDS: on
MetaspaceReclaimPolicy: balanced
 - commit_granule_bytes: 65536.
 - commit_granule_words: 8192.
 - virtual_space_node_default_size: 8388608.
 - enlarge_chunks_in_place: 1.
 - new_chunks_are_fully_committed: 0.
 - uncommit_free_chunks: 1.
 - use_allocation_guard: 0.


Internal statistics:

num_allocs_failed_limit: 0.
num_arena_births: 6.
num_arena_deaths: 0.
num_vsnodes_births: 2.
num_vsnodes_deaths: 0.
num_space_committed: 8.
num_space_uncommitted: 0.
num_chunks_returned_to_freelist: 0.
num_chunks_taken_from_freelist: 16.
num_chunk_merges: 0.
num_chunk_splits: 10.
num_chunks_enlarged: 8.
num_inconsistent_stats: 0.

CodeHeap 'non-profiled nmethods': size=120028Kb used=15Kb max_used=15Kb free=120012Kb
 bounds [0x000000012ce52000, 0x000000012d0c2000, 0x0000000134389000]
CodeHeap 'profiled nmethods': size=120028Kb used=64Kb max_used=64Kb free=119963Kb
 bounds [0x000000012591b000, 0x0000000125b8b000, 0x000000012ce52000]
CodeHeap 'non-nmethods': size=5704Kb used=1061Kb max_used=1077Kb free=4642Kb
 bounds [0x0000000125389000, 0x00000001255f9000, 0x000000012591b000]
 total_blobs=377 nmethods=59 adapters=233
 compilation: enabled
              stopped_count=0, restarted_count=0
 full_count=0

Compilation events (20 events):
Event: 949.248 Thread 0x00007fc3a0a47600 nmethod 45 0x0000000125927d90 code [0x0000000125927f60, 0x0000000125928350]
Event: 949.248 Thread 0x00007fc3a0a47600   46       3       java.util.Arrays::copyOf (19 bytes)
Event: 949.248 Thread 0x00007fc3a0a47600 nmethod 46 0x0000000125928510 code [0x00000001259286c0, 0x00000001259289a0]
Event: 949.251 Thread 0x00007fc3b2a14400 nmethod 47 0x000000012ce53290 code [0x000000012ce53420, 0x000000012ce53888]
Event: 949.251 Thread 0x00007fc3b2a14400   48       4       java.lang.AbstractStringBuilder::append (45 bytes)
Event: 949.255 Thread 0x00007fc3b2a14400 nmethod 48 0x000000012ce53a10 code [0x000000012ce53bc0, 0x000000012ce541a8]
Event: 949.749 Thread 0x00007fc3b2a14400   50       4       java.lang.StringBuilder::append (8 bytes)
Event: 949.752 Thread 0x00007fc3b2a14400 nmethod 50 0x000000012ce54810 code [0x000000012ce549c0, 0x000000012ce54fc8]
Event: 949.961 Thread 0x00007fc3a0a47600   51       3       glmulti.ModelGenerator::binary (52 bytes)
Event: 949.961 Thread 0x00007fc3a0a47600 nmethod 51 0x0000000125928b10 code [0x0000000125928ce0, 0x0000000125929060]
Event: 949.962 Thread 0x00007fc3a0a47600   52       3       java.lang.Integer::bitCount (53 bytes)
Event: 949.962 Thread 0x00007fc3a0a47600 nmethod 52 0x0000000125929210 code [0x00000001259293a0, 0x00000001259294d0]
Event: 7622.976 Thread 0x00007fc3a0a47600   55       3       java.lang.ref.ReferenceQueue::reallyPoll (65 bytes)
Event: 7622.984 Thread 0x00007fc3a0a47600 nmethod 55 0x0000000125929590 code [0x0000000125929760, 0x0000000125929cb0]
Event: 15248.172 Thread 0x00007fc3a0a47600   57   !   3       java.lang.ref.ReferenceQueue::remove (125 bytes)
Event: 15248.182 Thread 0x00007fc3a0a47600 nmethod 57 0x0000000125929d90 code [0x0000000125929fc0, 0x000000012592a750]
Event: 15308.175 Thread 0x00007fc3a0a47600   58   !   3       jdk.internal.ref.PhantomCleanable::isListEmpty (34 bytes)
Event: 15308.176 Thread 0x00007fc3a0a47600 nmethod 58 0x000000012592aa90 code [0x000000012592ac40, 0x000000012592ae90]
Event: 15308.176 Thread 0x00007fc3a0a47600   59       3       jdk.internal.misc.InnocuousThread::eraseThreadLocals (23 bytes)
Event: 15308.178 Thread 0x00007fc3a0a47600 nmethod 59 0x000000012592af90 code [0x000000012592b140, 0x000000012592b330]

GC Heap History (0 events):
No events

Deoptimization events (0 events):
No events

Classes loaded (20 events):
Event: 946.538 Loading class sun/net/www/protocol/file/FileURLConnection
Event: 946.540 Loading class sun/net/www/URLConnection
Event: 946.541 Loading class java/net/URLConnection
Event: 946.544 Loading class java/net/URLConnection done
Event: 946.544 Loading class sun/net/www/URLConnection done
Event: 946.544 Loading class sun/net/www/protocol/file/FileURLConnection done
Event: 946.544 Loading class sun/net/www/MessageHeader
Event: 946.545 Loading class sun/net/www/MessageHeader done
Event: 946.591 Loading class java/io/FilePermission$1
Event: 946.592 Loading class jdk/internal/access/JavaIOFilePermissionAccess
Event: 946.593 Loading class jdk/internal/access/JavaIOFilePermissionAccess done
Event: 946.593 Loading class java/io/FilePermission$1 done
Event: 946.597 Loading class java/io/FilePermissionCollection
Event: 946.598 Loading class java/io/FilePermissionCollection done
Event: 946.598 Loading class java/io/FilePermissionCollection$1
Event: 946.598 Loading class java/io/FilePermissionCollection$1 done
Event: 946.611 Loading class java/lang/InterruptedException
Event: 946.612 Loading class java/lang/InterruptedException done
Event: 946.613 Loading class java/lang/IllegalThreadStateException
Event: 946.613 Loading class java/lang/IllegalThreadStateException done

Classes unloaded (0 events):
No events

Classes redefined (0 events):
No events

Internal exceptions (0 events):
No events

VM Operations (0 events):
No events

Events (20 events):
Event: 0.125 Thread 0x00007fc3b2a13e00 Thread added: 0x00007fc3b2a13e00
Event: 0.125 Protecting memory [0x00007000081e8000,0x00007000081ec000] with protection modes 0
Event: 0.125 Thread 0x00007fc3b2a14400 Thread added: 0x00007fc3b2a14400
Event: 0.125 Protecting memory [0x00007000083eb000,0x00007000083ef000] with protection modes 0
Event: 0.125 Thread 0x00007fc3a0a47600 Thread added: 0x00007fc3a0a47600
Event: 0.125 Protecting memory [0x00007000084ee000,0x00007000084f2000] with protection modes 0
Event: 0.125 Thread 0x00007fc3a0a47c00 Thread added: 0x00007fc3a0a47c00
Event: 0.125 Protecting memory [0x00007000085f1000,0x00007000085f5000] with protection modes 0
Event: 0.133 Thread 0x00007fc3afcd8c00 Thread added: 0x00007fc3afcd8c00
Event: 0.133 Protecting memory [0x00007000087f4000,0x00007000087f8000] with protection modes 0
Event: 0.142 Thread 0x00007fc3a0a48200 Thread added: 0x00007fc3a0a48200
Event: 0.142 Protecting memory [0x0000700008afa000,0x0000700008afe000] with protection modes 0
Event: 946.588 Loaded shared library /usr/local/Cellar/openjdk/18.0.2.1/libexec/openjdk.jdk/Contents/Home/lib/libnio.dylib
Event: 946.610 Loaded shared library /usr/local/Cellar/openjdk/18.0.2.1/libexec/openjdk.jdk/Contents/Home/lib/libverify.dylib
Event: 946.627 Thread 0x00007fc386844800 Thread added: 0x00007fc386844800
Event: 946.627 Protecting memory [0x0000700008cfd000,0x0000700008d01000] with protection modes 0
Event: 949.961 Protecting memory [0x0000700008cfd000,0x0000700008d01000] with protection modes 3
Event: 949.961 Thread 0x00007fc386844800 Thread exited: 0x00007fc386844800
Event: 53825.492 Protecting memory [0x0000700007de2000,0x0000700007de6000] with protection modes 3
Event: 53825.501 Thread 0x00007fc3b3267c00 Thread exited: 0x00007fc3b3267c00


Dynamic libraries:
0x000000010a153000 	/Library/Frameworks/R.framework/Versions/4.2/Resources/lib/libR.dylib
0x00007fff22eba000 	/System/Library/Frameworks/AppKit.framework/Versions/C/AppKit
0x00007fff33349000 	/System/Library/Frameworks/ApplicationServices.framework/Versions/A/ApplicationServices
0x00007fff20672000 	/System/Library/Frameworks/CoreFoundation.framework/Versions/A/CoreFoundation
0x00007fff21421000 	/System/Library/Frameworks/Foundation.framework/Versions/C/Foundation
0x00007fff22db1000 	/System/Library/Frameworks/IOKit.framework/Versions/A/IOKit
0x00007fff22489000 	/System/Library/Frameworks/Security.framework/Versions/A/Security
0x00007fff29f87000 	/usr/lib/libbsm.0.dylib
0x00007fff261b5000 	/usr/lib/libsqlite3.dylib
0x000000010a678000 	/Applications/RStudio.app/Contents/Resources/app/Frameworks/libpq.5.13.dylib
0x00007fff2a7d4000 	/usr/lib/libSystem.B.dylib
0x00007fff2a70c000 	/usr/lib/libz.1.dylib
0x00007fff3016e000 	/System/Library/Frameworks/CoreServices.framework/Versions/A/CoreServices
0x000000010a6cd000 	/Applications/RStudio.app/Contents/Resources/app/Frameworks/libssl.1.1.dylib
0x000000010a754000 	/Applications/RStudio.app/Contents/Resources/app/Frameworks/libcrypto.1.1.dylib
0x00007fff20558000 	/usr/lib/libc++.1.dylib
0x00007fff20492000 	/usr/lib/libobjc.A.dylib
0x00007fff23c06000 	/System/Library/PrivateFrameworks/UIFoundation.framework/Versions/A/UIFoundation
0x00007fff2fe03000 	/System/Library/PrivateFrameworks/RemoteViewServices.framework/Versions/A/RemoteViewServices
0x00007fff28c18000 	/System/Library/PrivateFrameworks/XCTTargetBootstrap.framework/Versions/A/XCTTargetBootstrap
0x00007fff2b8ff000 	/usr/lib/libspindump.dylib
0x00007fff23e55000 	/System/Library/Frameworks/UniformTypeIdentifiers.framework/Versions/A/UniformTypeIdentifiers
0x00007fff2741c000 	/usr/lib/libapp_launch_measurement.dylib
0x00007fff2741f000 	/System/Library/PrivateFrameworks/CoreAutoLayout.framework/Versions/A/CoreAutoLayout
0x00007fff2857f000 	/System/Library/Frameworks/Metal.framework/Versions/A/Metal
0x00007fff29275000 	/usr/lib/liblangid.dylib
0x00007fff28c1c000 	/System/Library/PrivateFrameworks/CoreSVG.framework/Versions/A/CoreSVG
0x00007fff24e95000 	/System/Library/PrivateFrameworks/SkyLight.framework/Versions/A/SkyLight
0x00007fff251fb000 	/System/Library/Frameworks/CoreGraphics.framework/Versions/A/CoreGraphics
0x00007fff3032a000 	/System/Library/Frameworks/Accelerate.framework/Versions/A/Accelerate
0x00007fff2b33d000 	/System/Library/PrivateFrameworks/IconServices.framework/Versions/A/IconServices
0x00007fff28563000 	/System/Library/Frameworks/IOSurface.framework/Versions/A/IOSurface
0x00007fff26707000 	/usr/lib/libDiagnosticMessagesClient.dylib
0x00007fff28c04000 	/System/Library/PrivateFrameworks/DFRFoundation.framework/Versions/A/DFRFoundation
0x00007fff227e1000 	/usr/lib/libicucore.A.dylib
0x00007fff2ce42000 	/System/Library/Frameworks/AudioToolbox.framework/Versions/A/AudioToolbox
0x00007fff25d7f000 	/System/Library/Frameworks/CoreData.framework/Versions/A/CoreData
0x00007fff2c0ca000 	/System/Library/PrivateFrameworks/DataDetectorsCore.framework/Versions/A/DataDetectorsCore
0x00007fff24e08000 	/usr/lib/libMobileGestalt.dylib
0x00007fff28908000 	/System/Library/Frameworks/Carbon.framework/Versions/A/Frameworks/HIToolbox.framework/Versions/A/HIToolbox
0x00007fff26e61000 	/System/Library/Frameworks/QuartzCore.framework/Versions/A/QuartzCore
0x00007fff2fe3b000 	/System/Library/Frameworks/Carbon.framework/Versions/A/Frameworks/SpeechRecognition.framework/Versions/A/SpeechRecognition
0x00007fff27181000 	/System/Library/PrivateFrameworks/CoreUI.framework/Versions/A/CoreUI
0x00007fff21df7000 	/System/Library/Frameworks/CoreAudio.framework/Versions/A/CoreAudio
0x00007fff267f2000 	/System/Library/Frameworks/DiskArbitration.framework/Versions/A/DiskArbitration
0x00007fff2bccd000 	/System/Library/PrivateFrameworks/MultitouchSupport.framework/Versions/A/MultitouchSupport
0x00007fff2c0c1000 	/System/Library/PrivateFrameworks/InternationalSupport.framework/Versions/A/InternationalSupport
0x00007fff24e07000 	/usr/lib/libenergytrace.dylib
0x00007fff273ae000 	/System/Library/PrivateFrameworks/PerformanceAnalysis.framework/Versions/A/PerformanceAnalysis
0x00007fff6baee000 	/System/Library/Frameworks/OpenGL.framework/Versions/A/OpenGL
0x00007fff2c145000 	/System/Library/PrivateFrameworks/UserActivity.framework/Versions/A/UserActivity
0x00007fff25885000 	/System/Library/Frameworks/ColorSync.framework/Versions/A/ColorSync
0x00007fff28e83000 	/System/Library/Frameworks/CoreImage.framework/Versions/A/CoreImage
0x00007fff21c11000 	/System/Library/Frameworks/CoreText.framework/Versions/A/CoreText
0x00007fff28c46000 	/System/Library/Frameworks/ImageIO.framework/Versions/A/ImageIO
0x00007fff2a7da000 	/System/Library/PrivateFrameworks/SoftLinking.framework/Versions/A/SoftLinking
0x00007fff27467000 	/usr/lib/libxml2.2.dylib
0x00007fff2aa4b000 	/usr/lib/libcompression.dylib
0x00007fff2bff3000 	/System/Library/PrivateFrameworks/TextureIO.framework/Versions/A/TextureIO
0x00007fff2b07b000 	/usr/lib/libate.dylib
0x00007fff2a7ce000 	/usr/lib/system/libcache.dylib
0x00007fff2a78a000 	/usr/lib/system/libcommonCrypto.dylib
0x00007fff2a7b4000 	/usr/lib/system/libcompiler_rt.dylib
0x00007fff2a7a9000 	/usr/lib/system/libcopyfile.dylib
0x00007fff20382000 	/usr/lib/system/libcorecrypto.dylib
0x00007fff2044d000 	/usr/lib/system/libdispatch.dylib
0x00007fff20600000 	/usr/lib/system/libdyld.dylib
0x00007fff2a7c5000 	/usr/lib/system/libkeymgr.dylib
0x00007fff2dbd9000 	/usr/lib/system/liblaunch.dylib
0x00007fff2a768000 	/usr/lib/system/libmacho.dylib
0x00007fff29f60000 	/usr/lib/system/libquarantine.dylib
0x00007fff2a7c2000 	/usr/lib/system/libremovefile.dylib
0x00007fff24e65000 	/usr/lib/system/libsystem_asl.dylib
0x00007fff20332000 	/usr/lib/system/libsystem_blocks.dylib
0x00007fff204cf000 	/usr/lib/system/libsystem_c.dylib
0x00007fff2a7bc000 	/usr/lib/system/libsystem_collections.dylib
0x00007fff29266000 	/usr/lib/system/libsystem_configuration.dylib
0x00007fff28552000 	/usr/lib/system/libsystem_containermanager.dylib
0x00007fff2a50b000 	/usr/lib/system/libsystem_coreservices.dylib
0x00007fff22a41000 	/usr/lib/system/libsystem_darwin.dylib
0x00007fff2a7c6000 	/usr/lib/system/libsystem_dnssd.dylib
0x00007fff204cc000 	/usr/lib/system/libsystem_featureflags.dylib
0x00007fff20646000 	/usr/lib/system/libsystem_info.dylib
0x00007fff2a71f000 	/usr/lib/system/libsystem_m.dylib
0x00007fff20420000 	/usr/lib/system/libsystem_malloc.dylib
0x00007fff24df8000 	/usr/lib/system/libsystem_networkextension.dylib
0x00007fff22e60000 	/usr/lib/system/libsystem_notify.dylib
0x00007fff30070000 	/usr/lib/system/libsystem_product_info_filter.dylib
0x00007fff2926a000 	/usr/lib/system/libsystem_sandbox.dylib
0x00007fff2a7bf000 	/usr/lib/system/libsystem_secinit.dylib
0x00007fff205c4000 	/usr/lib/system/libsystem_kernel.dylib
0x00007fff2063c000 	/usr/lib/system/libsystem_platform.dylib
0x00007fff205f4000 	/usr/lib/system/libsystem_pthread.dylib
0x00007fff26543000 	/usr/lib/system/libsystem_symptoms.dylib
0x00007fff2036a000 	/usr/lib/system/libsystem_trace.dylib
0x00007fff2a796000 	/usr/lib/system/libunwind.dylib
0x00007fff20334000 	/usr/lib/system/libxpc.dylib
0x00007fff205ae000 	/usr/lib/libc++abi.dylib
0x00007fff2a7a1000 	/usr/lib/liboah.dylib
0x00007fff2ae5f000 	/usr/lib/liblzma.5.dylib
0x00007fff21135000 	/System/Library/Frameworks/SystemConfiguration.framework/Versions/A/SystemConfiguration
0x00007fff2a7d6000 	/usr/lib/libfakelink.dylib
0x00007fff24959000 	/System/Library/Frameworks/CFNetwork.framework/Versions/A/CFNetwork
0x00007fff2a916000 	/usr/lib/libarchive.2.dylib
0x00007fff211b3000 	/usr/lib/libCRFSuite.dylib
0x00007fff242d2000 	/usr/lib/libnetwork.dylib
0x00007fff2a7db000 	/usr/lib/libpcap.A.dylib
0x00007fff2653c000 	/usr/lib/libdns_services.dylib
0x00007fff2ae78000 	/usr/lib/libcoretls_cfhelpers.dylib
0x00007fff2aa15000 	/usr/lib/libapple_nghttp2.dylib
0x00007fff2a76e000 	/usr/lib/system/libkxld.dylib
0x00007fff2a4ee000 	/System/Library/PrivateFrameworks/AppleFSCompression.framework/Versions/A/AppleFSCompression
0x00007fff29f6f000 	/usr/lib/libcoretls.dylib
0x00007fff2aa46000 	/usr/lib/libpam.2.dylib
0x00007fff2af76000 	/usr/lib/libxar.1.dylib
0x00007fff29271000 	/System/Library/PrivateFrameworks/AppleSystemInfo.framework/Versions/A/AppleSystemInfo
0x00007fff29bb1000 	/System/Library/PrivateFrameworks/IOMobileFramebuffer.framework/Versions/A/IOMobileFramebuffer
0x00007fff2a4fe000 	/usr/lib/libbz2.1.0.dylib
0x00007fff2a813000 	/usr/lib/libiconv.2.dylib
0x00007fff2a767000 	/usr/lib/libcharset.1.dylib
0x00007fff273ea000 	/System/Library/Frameworks/CoreServices.framework/Versions/A/Frameworks/FSEvents.framework/Versions/A/FSEvents
0x00007fff22a4b000 	/System/Library/Frameworks/CoreServices.framework/Versions/A/Frameworks/CarbonCore.framework/Versions/A/CarbonCore
0x00007fff26757000 	/System/Library/Frameworks/CoreServices.framework/Versions/A/Frameworks/Metadata.framework/Versions/A/Metadata
0x00007fff2a510000 	/System/Library/Frameworks/CoreServices.framework/Versions/A/Frameworks/OSServices.framework/Versions/A/OSServices
0x00007fff2a988000 	/System/Library/Frameworks/CoreServices.framework/Versions/A/Frameworks/SearchKit.framework/Versions/A/SearchKit
0x00007fff264c7000 	/System/Library/Frameworks/CoreServices.framework/Versions/A/Frameworks/AE.framework/Versions/A/AE
0x00007fff20b10000 	/System/Library/Frameworks/CoreServices.framework/Versions/A/Frameworks/LaunchServices.framework/Versions/A/LaunchServices
0x00007fff2ae0f000 	/System/Library/Frameworks/CoreServices.framework/Versions/A/Frameworks/DictionaryServices.framework/Versions/A/DictionaryServices
0x00007fff273f7000 	/System/Library/Frameworks/CoreServices.framework/Versions/A/Frameworks/SharedFileList.framework/Versions/A/SharedFileList
0x00007fff29f63000 	/usr/lib/libCheckFix.dylib
0x00007fff24e7c000 	/System/Library/PrivateFrameworks/TCC.framework/Versions/A/TCC
0x00007fff29277000 	/System/Library/PrivateFrameworks/CoreNLP.framework/Versions/A/CoreNLP
0x00007fff2670a000 	/System/Library/PrivateFrameworks/MetadataUtilities.framework/Versions/A/MetadataUtilities
0x00007fff211e8000 	/usr/lib/libmecabra.dylib
0x00007fff2a26d000 	/System/Library/Frameworks/MLCompute.framework/Versions/A/MLCompute
0x00007fff29f98000 	/usr/lib/libmecab.dylib
0x00007fff29fe2000 	/usr/lib/libgermantok.dylib
0x00007fff2a9f0000 	/usr/lib/libThaiTokenizer.dylib
0x00007fff2afb2000 	/usr/lib/libChineseTokenizer.dylib
0x00007fff2aa44000 	/System/Library/Frameworks/MetalPerformanceShaders.framework/Versions/A/MetalPerformanceShaders
0x00007fff267f9000 	/System/Library/Frameworks/Accelerate.framework/Versions/A/Frameworks/vImage.framework/Versions/A/vImage
0x00007fff30148000 	/System/Library/Frameworks/Accelerate.framework/Versions/A/Frameworks/vecLib.framework/Versions/A/vecLib
0x00007fff2afbd000 	/System/Library/Frameworks/Accelerate.framework/Versions/A/Frameworks/vecLib.framework/Versions/A/libvMisc.dylib
0x00007fff299cc000 	/System/Library/Frameworks/Accelerate.framework/Versions/A/Frameworks/vecLib.framework/Versions/A/libvDSP.dylib
0x00007fff20e1b000 	/System/Library/Frameworks/Accelerate.framework/Versions/A/Frameworks/vecLib.framework/Versions/A/libBLAS.dylib
0x00007fff2aa71000 	/System/Library/Frameworks/Accelerate.framework/Versions/A/Frameworks/vecLib.framework/Versions/A/libLAPACK.dylib
0x00007fff29fe8000 	/System/Library/Frameworks/Accelerate.framework/Versions/A/Frameworks/vecLib.framework/Versions/A/libLinearAlgebra.dylib
0x00007fff2aa2d000 	/System/Library/Frameworks/Accelerate.framework/Versions/A/Frameworks/vecLib.framework/Versions/A/libSparseBLAS.dylib
0x00007fff2aa6b000 	/System/Library/Frameworks/Accelerate.framework/Versions/A/Frameworks/vecLib.framework/Versions/A/libQuadrature.dylib
0x00007fff29323000 	/System/Library/Frameworks/Accelerate.framework/Versions/A/Frameworks/vecLib.framework/Versions/A/libBNNS.dylib
0x00007fff210c6000 	/System/Library/Frameworks/Accelerate.framework/Versions/A/Frameworks/vecLib.framework/Versions/A/libSparse.dylib
0x00007fff291ff000 	/System/Library/Frameworks/MetalPerformanceShaders.framework/Versions/A/Frameworks/MPSCore.framework/Versions/A/MPSCore
0x00007fff2a45d000 	/System/Library/Frameworks/MetalPerformanceShaders.framework/Versions/A/Frameworks/MPSImage.framework/Versions/A/MPSImage
0x00007fff29ffe000 	/System/Library/Frameworks/MetalPerformanceShaders.framework/Versions/A/Frameworks/MPSNeuralNetwork.framework/Versions/A/MPSNeuralNetwork
0x00007fff2a3cf000 	/System/Library/Frameworks/MetalPerformanceShaders.framework/Versions/A/Frameworks/MPSMatrix.framework/Versions/A/MPSMatrix
0x00007fff2a21d000 	/System/Library/Frameworks/MetalPerformanceShaders.framework/Versions/A/Frameworks/MPSRayIntersector.framework/Versions/A/MPSRayIntersector
0x00007fff2a406000 	/System/Library/Frameworks/MetalPerformanceShaders.framework/Versions/A/Frameworks/MPSNDArray.framework/Versions/A/MPSNDArray
0x00007fff20d46000 	/System/Library/PrivateFrameworks/MetalTools.framework/Versions/A/MetalTools
0x00007fff2926f000 	/System/Library/PrivateFrameworks/AggregateDictionary.framework/Versions/A/AggregateDictionary
0x00007fff266d7000 	/System/Library/PrivateFrameworks/CoreAnalytics.framework/Versions/A/CoreAnalytics
0x00007fff2a9f2000 	/System/Library/PrivateFrameworks/AppleSauce.framework/Versions/A/AppleSauce
0x00007fff28575000 	/System/Library/PrivateFrameworks/IOAccelerator.framework/Versions/A/IOAccelerator
0x00007fff6bae2000 	/System/Library/Frameworks/OpenGL.framework/Versions/A/Libraries/libCoreFSCache.dylib
0x00007fff21780000 	/System/Library/PrivateFrameworks/LanguageModeling.framework/Versions/A/LanguageModeling
0x00007fff29b9f000 	/System/Library/PrivateFrameworks/CoreEmoji.framework/Versions/A/CoreEmoji
0x00007fff2931c000 	/System/Library/PrivateFrameworks/LinguisticData.framework/Versions/A/LinguisticData
0x00007fff21078000 	/System/Library/PrivateFrameworks/Lexicon.framework/Versions/A/Lexicon
0x00007fff2a904000 	/usr/lib/libcmph.dylib
0x00007fff273ca000 	/System/Library/Frameworks/OpenDirectory.framework/Versions/A/Frameworks/CFOpenDirectory.framework/Versions/A/CFOpenDirectory
0x00007fff273ba000 	/System/Library/Frameworks/OpenDirectory.framework/Versions/A/OpenDirectory
0x00007fff2ae7a000 	/System/Library/PrivateFrameworks/APFS.framework/Versions/A/APFS
0x00007fff29ec5000 	/System/Library/Frameworks/SecurityFoundation.framework/Versions/A/SecurityFoundation
0x00007fff2af85000 	/usr/lib/libutil.dylib
0x00007fff22d76000 	/System/Library/PrivateFrameworks/CoreServicesStore.framework/Versions/A/CoreServicesStore
0x00007fff29f5b000 	/System/Library/Frameworks/ServiceManagement.framework/Versions/A/ServiceManagement
0x00007fff2af89000 	/usr/lib/libxslt.1.dylib
0x00007fff29f51000 	/System/Library/PrivateFrameworks/BackgroundTaskManagement.framework/Versions/A/BackgroundTaskManagement
0x00007fff2bf3d000 	/System/Library/Frameworks/ImageIO.framework/Versions/A/Resources/libRadiance.dylib
0x00007fff2bf47000 	/System/Library/Frameworks/ImageIO.framework/Versions/A/Resources/libJPEG.dylib
0x00007fff2be97000 	/System/Library/Frameworks/ImageIO.framework/Versions/A/Resources/libPng.dylib
0x00007fff2beb8000 	/System/Library/Frameworks/ImageIO.framework/Versions/A/Resources/libTIFF.dylib
0x00007fff2bf9c000 	/System/Library/Frameworks/ImageIO.framework/Versions/A/Resources/libGIF.dylib
0x00007fff2bbe9000 	/System/Library/Frameworks/ImageIO.framework/Versions/A/Resources/libJP2.dylib
0x00007fff2b304000 	/usr/lib/libexpat.1.dylib
0x00007fff2bb9f000 	/System/Library/PrivateFrameworks/AppleJPEG.framework/Versions/A/AppleJPEG
0x00007fff287ab000 	/System/Library/PrivateFrameworks/FontServices.framework/libFontParser.dylib
0x00007fff2647e000 	/System/Library/PrivateFrameworks/RunningBoardServices.framework/Versions/A/RunningBoardServices
0x00007fff2bcc9000 	/System/Library/PrivateFrameworks/WatchdogClient.framework/Versions/A/WatchdogClient
0x00007fff21869000 	/System/Library/Frameworks/CoreDisplay.framework/Versions/A/CoreDisplay
0x00007fff286c0000 	/System/Library/Frameworks/CoreMedia.framework/Versions/A/CoreMedia
0x00007fff2754a000 	/System/Library/Frameworks/CoreVideo.framework/Versions/A/CoreVideo
0x00007fff2bd04000 	/System/Library/Frameworks/VideoToolbox.framework/Versions/A/VideoToolbox
0x00007fff263fe000 	/System/Library/PrivateFrameworks/BaseBoard.framework/Versions/A/BaseBoard
0x00007fff2b449000 	/System/Library/PrivateFrameworks/PersistentConnection.framework/Versions/A/PersistentConnection
0x00007fff2619f000 	/System/Library/PrivateFrameworks/ProtocolBuffer.framework/Versions/A/ProtocolBuffer
0x00007fff263e6000 	/System/Library/PrivateFrameworks/CommonUtilities.framework/Versions/A/CommonUtilities
0x00007fff2bb62000 	/System/Library/PrivateFrameworks/Bom.framework/Versions/A/Bom
0x00007fff2bf35000 	/System/Library/PrivateFrameworks/GPUWrangler.framework/Versions/A/GPUWrangler
0x00007fff2bf18000 	/System/Library/PrivateFrameworks/IOPresentment.framework/Versions/A/IOPresentment
0x00007fff2bf41000 	/System/Library/PrivateFrameworks/DSExternalDisplay.framework/Versions/A/DSExternalDisplay
0x00007fff2bfa1000 	/System/Library/PrivateFrameworks/CMCaptureCore.framework/Versions/A/CMCaptureCore
0x00007fff2b8e5000 	/System/Library/PrivateFrameworks/AppServerSupport.framework/Versions/A/AppServerSupport
0x00007fff2d97c000 	/System/Library/PrivateFrameworks/perfdata.framework/Versions/A/perfdata
0x00007fff29eb4000 	/System/Library/PrivateFrameworks/AssertionServices.framework/Versions/A/AssertionServices
0x00007fff219a0000 	/System/Library/PrivateFrameworks/AudioToolboxCore.framework/Versions/A/AudioToolboxCore
0x00007fff286a3000 	/System/Library/PrivateFrameworks/caulk.framework/Versions/A/caulk
0x00007fff3ce28000 	/System/Library/PrivateFrameworks/SystemPolicy.framework/Versions/A/SystemPolicy
0x00007fff2b113000 	/usr/lib/libIOReport.dylib
0x00007fff2d1b8000 	/usr/lib/libSMC.dylib
0x00007fff2be63000 	/usr/lib/libAudioToolboxUtility.dylib
0x00007fff3d785000 	/usr/lib/libmis.dylib
0x00007fff6bb3e000 	/System/Library/Frameworks/OpenGL.framework/Versions/A/Libraries/libGLU.dylib
0x00007fff6bb01000 	/System/Library/Frameworks/OpenGL.framework/Versions/A/Libraries/libGFXShared.dylib
0x00007fff6bd0f000 	/System/Library/Frameworks/OpenGL.framework/Versions/A/Libraries/libGL.dylib
0x00007fff6bb0a000 	/System/Library/Frameworks/OpenGL.framework/Versions/A/Libraries/libGLImage.dylib
0x00007fff6bafe000 	/System/Library/Frameworks/OpenGL.framework/Versions/A/Libraries/libCVMSPluginSupport.dylib
0x00007fff6bae9000 	/System/Library/Frameworks/OpenGL.framework/Versions/A/Libraries/libCoreVMClient.dylib
0x00007fff6d159000 	/System/Library/Frameworks/OpenCL.framework/Versions/A/OpenCL
0x00007fff2b472000 	/System/Library/PrivateFrameworks/GraphVisualizer.framework/Versions/A/GraphVisualizer
0x00007fff2b481000 	/System/Library/PrivateFrameworks/FaceCore.framework/Versions/A/FaceCore
0x00007fff2b89d000 	/System/Library/PrivateFrameworks/OTSVG.framework/Versions/A/OTSVG
0x00007fff2713f000 	/System/Library/Frameworks/ApplicationServices.framework/Versions/A/Frameworks/ATS.framework/Versions/A/Resources/libFontRegistry.dylib
0x00007fff2b8ec000 	/System/Library/PrivateFrameworks/FontServices.framework/libhvf.dylib
0x00007fff2b2b0000 	/System/Library/PrivateFrameworks/AppleVA.framework/Versions/A/AppleVA
0x00007fff2d000000 	/System/Library/Frameworks/ApplicationServices.framework/Versions/A/Frameworks/ATS.framework/Versions/A/ATS
0x00007fff2d313000 	/System/Library/Frameworks/ApplicationServices.framework/Versions/A/Frameworks/ColorSyncLegacy.framework/Versions/A/ColorSyncLegacy
0x00007fff2597d000 	/System/Library/Frameworks/ApplicationServices.framework/Versions/A/Frameworks/HIServices.framework/Versions/A/HIServices
0x00007fff2d2f8000 	/System/Library/Frameworks/ApplicationServices.framework/Versions/A/Frameworks/LangAnalysis.framework/Versions/A/LangAnalysis
0x00007fff2bfab000 	/System/Library/Frameworks/ApplicationServices.framework/Versions/A/Frameworks/PrintCore.framework/Versions/A/PrintCore
0x00007fff2d31b000 	/System/Library/Frameworks/ApplicationServices.framework/Versions/A/Frameworks/QD.framework/Versions/A/QD
0x00007fff2cff0000 	/System/Library/Frameworks/ApplicationServices.framework/Versions/A/Frameworks/SpeechSynthesis.framework/Versions/A/SpeechSynthesis
0x00007fff2bf6c000 	/System/Library/Frameworks/ApplicationServices.framework/Versions/A/Frameworks/ATSUI.framework/Versions/A/ATSUI
0x00007fff2d298000 	/usr/lib/libcups.2.dylib
0x00007fff2d308000 	/System/Library/PrivateFrameworks/NetAuth.framework/Versions/A/NetAuth
0x00007fff2d997000 	/System/Library/Frameworks/Kerberos.framework/Versions/A/Kerberos
0x00007fff2d9a7000 	/System/Library/Frameworks/GSS.framework/Versions/A/GSS
0x00007fff2d06d000 	/usr/lib/libresolv.9.dylib
0x00007fff2b902000 	/System/Library/PrivateFrameworks/Heimdal.framework/Versions/A/Heimdal
0x00007fff3365e000 	/System/Library/Frameworks/Kerberos.framework/Versions/A/Libraries/libHeimdalProxy.dylib
0x00007fff2654b000 	/System/Library/Frameworks/Network.framework/Versions/A/Network
0x00007fff2b31e000 	/usr/lib/libheimdal-asn1.dylib
0x00007fff2d9f8000 	/System/Library/PrivateFrameworks/CommonAuth.framework/Versions/A/CommonAuth
0x00007fff27598000 	/System/Library/PrivateFrameworks/login.framework/Versions/A/Frameworks/loginsupport.framework/Versions/A/loginsupport
0x00007fff2cf77000 	/System/Library/PrivateFrameworks/AudioSession.framework/Versions/A/AudioSession
0x00007fff2cfdd000 	/usr/lib/libAudioStatistics.dylib
0x00007fff2b3aa000 	/System/Library/PrivateFrameworks/MediaExperience.framework/Versions/A/MediaExperience
0x00007fff2ce10000 	/System/Library/PrivateFrameworks/AudioSession.framework/libSessionUtility.dylib
0x00007fff2d988000 	/usr/lib/libperfcheck.dylib
0x00007fff2d327000 	/System/Library/PrivateFrameworks/AudioResourceArbitration.framework/Versions/A/AudioResourceArbitration
0x00007fff2b328000 	/System/Library/PrivateFrameworks/IconFoundation.framework/Versions/A/IconFoundation
0x00007fff2fe2b000 	/System/Library/PrivateFrameworks/SpeechRecognitionCore.framework/Versions/A/SpeechRecognitionCore
0x000000010a9b6000 	/Applications/RStudio.app/Contents/Resources/app/Frameworks/libgssapi_krb5.2.2.dylib
0x000000010aa0a000 	/Applications/RStudio.app/Contents/Resources/app/Frameworks/libkrb5.3.3.dylib
0x000000010aace000 	/Applications/RStudio.app/Contents/Resources/app/Frameworks/libk5crypto.3.1.dylib
0x000000010ab09000 	/Applications/RStudio.app/Contents/Resources/app/Frameworks/libcom_err.3.0.dylib
0x000000010ab1e000 	/Applications/RStudio.app/Contents/Resources/app/Frameworks/libkrb5support.1.1.dylib
0x000000010ab3c000 	/Applications/RStudio.app/Contents/Resources/app/Frameworks/libintl.8.dylib
0x000000010ab58000 	/Library/Frameworks/R.framework/Versions/4.2/Resources/lib/libRblas.dylib
0x000000010ab90000 	/Library/Frameworks/R.framework/Versions/4.2/Resources/lib/libgfortran.5.dylib
0x000000010ae4a000 	/Library/Frameworks/R.framework/Versions/4.2/Resources/lib/libquadmath.0.dylib
0x00007fff40f90000 	/usr/lib/libncurses.5.4.dylib
0x000000010ae96000 	/Library/Frameworks/R.framework/Versions/4.2/Resources/lib/libgcc_s.1.dylib
0x000000010ceac000 	/Library/Frameworks/R.framework/Versions/4.2/Resources/library/methods/libs/methods.so
0x000000010cec4000 	/Library/Frameworks/R.framework/Versions/4.2/Resources/library/utils/libs/utils.so
0x000000010cee0000 	/Library/Frameworks/R.framework/Versions/4.2/Resources/library/grDevices/libs/grDevices.so
0x00007fff2b9c3000 	/System/Library/PrivateFrameworks/login.framework/Versions/A/login
0x000000010cf44000 	/Library/Frameworks/R.framework/Versions/4.2/Resources/library/graphics/libs/graphics.so
0x000000010cf94000 	/Library/Frameworks/R.framework/Versions/4.2/Resources/library/stats/libs/stats.so
0x000000010d060000 	/Library/Frameworks/R.framework/Versions/4.2/Resources/lib/libRlapack.dylib
0x0000000114021000 	/Library/Developer/CommandLineTools/usr/lib/libclang.dylib
0x000000010d294000 	/Library/Frameworks/R.framework/Versions/4.2/Resources/library/tools/libs/tools.so
0x000000010d2b8000 	/Library/Frameworks/R.framework/Versions/4.2/Resources/modules/internet.so
0x00007fff3310b000 	/usr/lib/libcurl.4.dylib
0x00007fff32e6b000 	/usr/lib/libcrypto.44.dylib
0x00007fff32f71000 	/usr/lib/libssl.46.dylib
0x00007fff32e31000 	/System/Library/Frameworks/LDAP.framework/Versions/A/LDAP
0x00007fff32e69000 	/System/Library/PrivateFrameworks/TrustEvaluationAgent.framework/Versions/A/TrustEvaluationAgent
0x00007fff2d086000 	/usr/lib/libsasl2.2.dylib
0x00007fff3039c000 	/System/Library/PrivateFrameworks/CoreDaemon.framework/Versions/B/CoreDaemon
0x00007fff30397000 	/System/Library/PrivateFrameworks/AppleSRP.framework/Versions/A/AppleSRP
0x000000010d3dc000 	/Library/Frameworks/R.framework/Versions/4.2/Resources/library/data.table/libs/data_table.so
0x0000000111800000 	/Library/Frameworks/R.framework/Versions/4.2/Resources/library/mvtnorm/libs/mvtnorm.so
0x000000010d45c000 	/Library/Frameworks/R.framework/Versions/4.2/Resources/library/lmom/libs/lmom.so
0x000000010d46d000 	/Library/Frameworks/R.framework/Versions/4.2/Resources/library/proxy/libs/proxy.so
0x000000010d478000 	/Library/Frameworks/R.framework/Versions/4.2/Resources/library/class/libs/class.so
0x000000010d488000 	/Library/Frameworks/R.framework/Versions/4.2/Resources/library/e1071/libs/e1071.so
0x000000010d4a4000 	/Library/Frameworks/R.framework/Versions/4.2/Resources/library/gld/libs/gld.so
0x000000010d4af000 	/Library/Frameworks/R.framework/Versions/4.2/Resources/library/Rcpp/libs/Rcpp.so
0x000000010d54a000 	/Library/Frameworks/R.framework/Versions/4.2/Resources/library/MASS/libs/MASS.so
0x000000010d554000 	/Library/Frameworks/R.framework/Versions/4.2/Resources/library/grid/libs/grid.so
0x000000010ab36000 	/Library/Frameworks/R.framework/Versions/4.2/Resources/library/lattice/libs/lattice.so
0x000000010d590000 	/Library/Frameworks/R.framework/Versions/4.2/Resources/library/Matrix/libs/Matrix.so
0x000000010d6df000 	/Library/Frameworks/R.framework/Versions/4.2/Resources/library/expm/libs/expm.so
0x000000010d6ef000 	/Library/Frameworks/R.framework/Versions/4.2/Resources/library/rootSolve/libs/rootSolve.so
0x000000010d71b000 	/Library/Frameworks/R.framework/Versions/4.2/Resources/library/readxl/libs/readxl.so
0x000000010d788000 	/Library/Frameworks/R.framework/Versions/4.2/Resources/library/DescTools/libs/DescTools.so
0x000000010d7e7000 	/Library/Frameworks/R.framework/Versions/4.2/Resources/library/splines/libs/splines.so
0x0000000111e87000 	/Library/Frameworks/R.framework/Versions/4.2/Resources/library/survival/libs/survival.so
0x0000000111edb000 	/Library/Frameworks/R.framework/Versions/4.2/Resources/library/parallel/libs/parallel.so
0x0000000111eef000 	/Library/Frameworks/R.framework/Versions/4.2/Resources/library/libcoin/libs/libcoin.so
0x0000000111f0f000 	/Library/Frameworks/R.framework/Versions/4.2/Resources/library/matrixStats/libs/matrixStats.so
0x000000010d7f7000 	/Library/Frameworks/R.framework/Versions/4.2/Resources/library/zoo/libs/zoo.so
0x0000000111f52000 	/Library/Frameworks/R.framework/Versions/4.2/Resources/library/coin/libs/coin.so
0x0000000111f5d000 	/Library/Frameworks/R.framework/Versions/4.2/Resources/library/rlang/libs/rlang.so
0x0000000111fa9000 	/Library/Frameworks/R.framework/Versions/4.2/Resources/library/cli/libs/cli.so
0x0000000111fda000 	/Library/Frameworks/R.framework/Versions/4.2/Resources/library/vctrs/libs/vctrs.so
0x0000000112130000 	/Library/Frameworks/R.framework/Versions/4.2/Resources/library/glue/libs/glue.so
0x0000000112135000 	/Library/Frameworks/R.framework/Versions/4.2/Resources/library/magrittr/libs/magrittr.so
0x000000011213b000 	/Library/Frameworks/R.framework/Versions/4.2/Resources/library/fansi/libs/fansi.so
0x0000000112155000 	/Library/Frameworks/R.framework/Versions/4.2/Resources/library/utf8/libs/utf8.so
0x00000001121a4000 	/Library/Frameworks/R.framework/Versions/4.2/Resources/library/tibble/libs/tibble.so
0x00000001121b0000 	/Library/Frameworks/R.framework/Versions/4.2/Resources/library/dplyr/libs/dplyr.so
0x00000001121c2000 	/Library/Frameworks/R.framework/Versions/4.2/Resources/library/spatial/libs/spatial.so
0x00000001121d6000 	/Library/Frameworks/R.framework/Versions/4.2/Resources/library/fBasics/libs/fBasics.so
0x00000001121de000 	/Library/Frameworks/R.framework/Versions/4.2/Resources/library/rbibutils/libs/rbibutils.so
0x0000000112382000 	/Library/Frameworks/R.framework/Versions/4.2/Resources/library/fGarch/libs/fGarch.so
0x0000000112389000 	/Library/Frameworks/R.framework/Versions/4.2/Resources/library/colorspace/libs/colorspace.so
0x000000011239b000 	/Library/Frameworks/R.framework/Versions/4.2/Resources/library/fracdiff/libs/fracdiff.so
0x00000001123ab000 	/Library/Frameworks/R.framework/Versions/4.2/Resources/library/lmtest/libs/lmtest.so
0x00000001123b0000 	/Library/Frameworks/R.framework/Versions/4.2/Resources/library/nnet/libs/nnet.so
0x00000001123c4000 	/Library/Frameworks/R.framework/Versions/4.2/Resources/library/quadprog/libs/quadprog.so
0x00000001123cc000 	/Library/Frameworks/R.framework/Versions/4.2/Resources/library/xts/libs/xts.so
0x00000001123e6000 	/Library/Frameworks/R.framework/Versions/4.2/Resources/library/curl/libs/curl.so
0x00000001123f7000 	/Library/Frameworks/R.framework/Versions/4.2/Resources/library/TTR/libs/TTR.so
0x0000000112401000 	/Library/Frameworks/R.framework/Versions/4.2/Resources/library/tseries/libs/tseries.so
0x0000000112413000 	/Library/Frameworks/R.framework/Versions/4.2/Resources/library/nlme/libs/nlme.so
0x000000011243b000 	/Library/Frameworks/R.framework/Versions/4.2/Resources/library/urca/libs/urca.so
0x0000000112443000 	/Library/Frameworks/R.framework/Versions/4.2/Resources/library/forecast/libs/forecast.so
0x000000011249f000 	/Library/Frameworks/R.framework/Versions/4.2/Resources/library/xfun/libs/xfun.so
0x00000001124a4000 	/Library/Frameworks/R.framework/Versions/4.2/Resources/library/igraph/libs/igraph.so
0x00000001128b1000 	/Library/Frameworks/R.framework/Versions/4.2/Resources/library/digest/libs/digest.so
0x00000001128da000 	/Library/Frameworks/R.framework/Versions/4.2/Resources/library/fastmap/libs/fastmap.so
0x000000010aa06000 	/Library/Frameworks/R.framework/Versions/4.2/Resources/library/htmltools/libs/htmltools.so
0x00000001128ea000 	/Library/Frameworks/R.framework/Versions/4.2/Resources/library/jsonlite/libs/jsonlite.so
0x00000001128fd000 	/Library/Frameworks/R.framework/Versions/4.2/Resources/library/lazyeval/libs/lazyeval.so
0x0000000112903000 	/Library/Frameworks/R.framework/Versions/4.2/Resources/library/purrr/libs/purrr.so
0x000000011290d000 	/Library/Frameworks/R.framework/Versions/4.2/Resources/library/tidyr/libs/tidyr.so
0x000000011292c000 	/Library/Frameworks/R.framework/Versions/4.2/Resources/library/minqa/libs/minqa.so
0x0000000112960000 	/Library/Frameworks/R.framework/Versions/4.2/Resources/library/nloptr/libs/nloptr.so
0x0000000112aa7000 	/Library/Frameworks/R.framework/Versions/4.2/Resources/library/lme4/libs/lme4.so
0x0000000112b5c000 	/Library/Frameworks/R.framework/Versions/4.2/Resources/library/backports/libs/backports.so
0x0000000112b60000 	/Library/Frameworks/R.framework/Versions/4.2/Resources/library/ellipsis/libs/ellipsis.so
0x0000000112b64000 	/Library/Frameworks/R.framework/Versions/4.2/Resources/library/haven/libs/haven.so
0x0000000112bf1000 	/Library/Frameworks/R.framework/Versions/4.2/Resources/library/lubridate/libs/lubridate.so
0x0000000112c35000 	/Library/Frameworks/R.framework/Versions/4.2/Resources/library/readr/libs/readr.so
0x0000000112ccb000 	/Library/Frameworks/R.framework/Versions/4.2/Resources/library/tzdb/libs/tzdb.so
0x0000000112d1d000 	/Library/Frameworks/R.framework/Versions/4.2/Resources/library/fs/libs/fs.so
0x0000000112d59000 	/Library/Frameworks/R.framework/Versions/4.2/Resources/library/xml2/libs/xml2.so
0x0000000119fe1000 	/Library/Frameworks/R.framework/Versions/4.2/Resources/library/stringi/libs/stringi.so
0x0000000112d76000 	/Library/Frameworks/R.framework/Versions/4.2/Resources/library/base64enc/libs/base64enc.so
0x0000000112d7d000 	/Library/Frameworks/R.framework/Versions/4.2/Resources/library/systemfonts/libs/systemfonts.so
0x000000011300b000 	/Library/Frameworks/R.framework/Versions/4.2/Resources/library/svglite/libs/svglite.so
0x000000011308f000 	/Library/Frameworks/R.framework/Versions/4.2/Resources/library/VGAM/libs/VGAM.so
0x00000001130cf000 	/Library/Frameworks/R.framework/Versions/4.2/Resources/library/gnm/libs/gnm.so
0x00000001130d4000 	/Library/Frameworks/R.framework/Versions/4.2/Resources/library/plyr/libs/plyr.so
0x00000001130ee000 	/Library/Frameworks/R.framework/Versions/4.2/Resources/library/reshape2/libs/reshape2.so
0x0000000113111000 	/Library/Frameworks/R.framework/Versions/4.2/Resources/modules/R_X11.so
0x00000001135c1000 	/opt/X11/lib/libSM.6.dylib
0x00000001135d5000 	/opt/X11/lib/libICE.6.dylib
0x00000001135f5000 	/opt/X11/lib/libX11.6.dylib
0x0000000113719000 	/opt/X11/lib/libXext.6.dylib
0x0000000113735000 	/opt/X11/lib/libXrender.1.dylib
0x0000000113749000 	/opt/X11/lib/libXt.6.dylib
0x00000001137a1000 	/opt/X11/lib/libXmu.6.dylib
0x00000001137c1000 	/opt/X11/lib/libxcb.1.dylib
0x00000001137ed000 	/opt/X11/lib/libXau.6.dylib
0x00000001137fd000 	/Library/Frameworks/R.framework/Versions/4.2/Resources/library/grDevices/libs/cairo.so
0x0000000113cb5000 	/Library/Frameworks/R.framework/Versions/4.2/Resources/library/farver/libs/farver.so
0x000000011c6d2000 	/Library/Frameworks/R.framework/Versions/4.2/Resources/library/sass/libs/sass.so
0x0000000113eeb000 	/Library/Frameworks/R.framework/Versions/4.2/Resources/library/cachem/libs/cachem.so
0x0000000113eef000 	/Library/Frameworks/R.framework/Versions/4.2/Resources/modules/lapack.so
0x000000011c962000 	/usr/local/Cellar/openjdk/18.0.2.1/libexec/openjdk.jdk/Contents/Home/lib/server/libjvm.dylib
0x000000011d846000 	/Library/Frameworks/R.framework/Versions/4.2/Resources/library/rJava/libs/rJava.so
0x000000011d85a000 	/Library/Frameworks/R.framework/Versions/4.2/Resources/library/leaps/libs/leaps.so
0x000000011d863000 	/usr/local/Cellar/openjdk/18.0.2.1/libexec/openjdk.jdk/Contents/Home/lib/libjimage.dylib
0x000000012535d000 	/usr/local/Cellar/openjdk/18.0.2.1/libexec/openjdk.jdk/Contents/Home/lib/libjava.dylib
0x0000000137895000 	/usr/local/Cellar/openjdk/18.0.2.1/libexec/openjdk.jdk/Contents/Home/lib/libnio.dylib
0x00000001378ad000 	/usr/local/Cellar/openjdk/18.0.2.1/libexec/openjdk.jdk/Contents/Home/lib/libnet.dylib
0x00000001378c1000 	/usr/local/Cellar/openjdk/18.0.2.1/libexec/openjdk.jdk/Contents/Home/lib/libverify.dylib
0x0000000137b11000 	/Library/Frameworks/R.framework/Versions/4.2/Resources/library/png/libs/png.so
0x0000000137b52000 	/Library/Frameworks/R.framework/Versions/4.2/Resources/library/jpeg/libs/jpeg.so
0x0000000137b9e000 	/Library/Frameworks/R.framework/Versions/4.2/Resources/library/cluster/libs/cluster.so
0x0000000137bbe000 	/Library/Frameworks/R.framework/Versions/4.2/Resources/library/foreign/libs/foreign.so
0x000000013bc00000 	/Library/Frameworks/R.framework/Versions/4.2/Resources/library/rpart/libs/rpart.so
0x0000000137be6000 	/Library/Frameworks/R.framework/Versions/4.2/Resources/library/checkmate/libs/checkmate.so
0x000000013bc20000 	/Library/Frameworks/R.framework/Versions/4.2/Resources/library/Hmisc/libs/Hmisc.so
0x000000013bc29000 	/Library/Frameworks/R.framework/Versions/4.2/Resources/library/SparseM/libs/SparseM.so
0x000000013bc3e000 	/Library/Frameworks/R.framework/Versions/4.2/Resources/library/quantreg/libs/quantreg.so
0x000000013bc6a000 	/Library/Frameworks/R.framework/Versions/4.2/Resources/library/polspline/libs/polspline.so
0x000000013bd0d000 	/Library/Frameworks/R.framework/Versions/4.2/Resources/library/rms/libs/rms.so
0x000000013bd16000 	/Library/Frameworks/R.framework/Versions/4.2/Resources/library/RcppZiggurat/libs/RcppZiggurat.so
0x000000013bd67000 	/Library/Frameworks/R.framework/Versions/4.2/Resources/library/Rfast/libs/Rfast.so


VM Arguments:
jvm_args: -Djava.awt.headless=true -Xmx512m -Xrs vfprintf exit -Xss2m 
java_command: <unknown>
java_class_path (initial): /Library/Frameworks/R.framework/Versions/4.2/Resources/library/rJava/java/boot
Launcher Type: generic

[Global flags]
     intx CICompilerCount                          = 4                                         {product} {ergonomic}
     uint ConcGCThreads                            = 2                                         {product} {ergonomic}
     uint G1ConcRefinementThreads                  = 8                                         {product} {ergonomic}
   size_t G1HeapRegionSize                         = 1048576                                   {product} {ergonomic}
    uintx GCDrainStackTargetSize                   = 64                                        {product} {ergonomic}
   size_t InitialHeapSize                          = 268435456                                 {product} {ergonomic}
   size_t MarkStackSize                            = 4194304                                   {product} {ergonomic}
   size_t MaxHeapSize                              = 536870912                                 {product} {command line}
   size_t MaxNewSize                               = 321912832                                 {product} {ergonomic}
   size_t MinHeapDeltaBytes                        = 1048576                                   {product} {ergonomic}
   size_t MinHeapSize                              = 8388608                                   {product} {ergonomic}
    uintx NonNMethodCodeHeapSize                   = 5839372                                {pd product} {ergonomic}
    uintx NonProfiledCodeHeapSize                  = 122909434                              {pd product} {ergonomic}
    uintx ProfiledCodeHeapSize                     = 122909434                              {pd product} {ergonomic}
     bool ReduceSignalUsage                        = true                                      {product} {command line}
    uintx ReservedCodeCacheSize                    = 251658240                              {pd product} {ergonomic}
     bool SegmentedCodeCache                       = true                                      {product} {ergonomic}
   size_t SoftMaxHeapSize                          = 536870912                              {manageable} {ergonomic}
     intx ThreadStackSize                          = 2048                                   {pd product} {command line}
     bool UseCompressedClassPointers               = true                           {product lp64_product} {ergonomic}
     bool UseCompressedOops                        = true                           {product lp64_product} {ergonomic}
     bool UseG1GC                                  = true                                      {product} {ergonomic}
     bool UseNUMA                                  = false                                     {product} {ergonomic}
     bool UseNUMAInterleaving                      = false                                     {product} {ergonomic}

Logging:
Log output configuration:
 #0: stdout all=warning uptime,level,tags foldmultilines=false
 #1: stderr all=off uptime,level,tags foldmultilines=false

Environment Variables:
PATH=/usr/local/bin:/usr/local/bin:/usr/bin:/bin:/usr/sbin:/sbin:/Library/TeX/texbin:/opt/X11/bin:/Library/Frameworks/Mono.framework/Versions/Current/Commands:/Users/mliou/Applications/quarto/bin:/usr/texbin:/Applications/RStudio.app/Contents/Resources/app/bin/postback
SHELL=/bin/zsh
DISPLAY=/private/tmp/com.apple.launchd.stZaNGyPtr/org.xquartz:0
LANG=en_US.UTF-8
LC_CTYPE=en_US.UTF-8
DYLD_LIBRARY_PATH=/usr/local/Cellar/openjdk/18.0.2.1/libexec/openjdk.jdk/Contents/Home/lib/server

Signal Handlers:
   SIGSEGV: _ZL13crash_handleriP9__siginfoPv in libjvm.dylib, mask=11100110000111110111111111111111, flags=SA_RESTART|SA_SIGINFO
  chained to: _ZL13crash_handleriP9__siginfoPv in libjvm.dylib, mask=11100110000111110111111111111111, flags=SA_RESTART|SA_SIGINFO
    SIGBUS: _ZL13crash_handleriP9__siginfoPv in libjvm.dylib, mask=11100110000111110111111111111111, flags=SA_RESTART|SA_SIGINFO
  chained to: _ZL13crash_handleriP9__siginfoPv in libjvm.dylib, mask=11100110000111110111111111111111, flags=SA_RESTART|SA_SIGINFO
    SIGFPE: _ZL13crash_handleriP9__siginfoPv in libjvm.dylib, mask=11100110000111110111111111111111, flags=SA_RESTART|SA_SIGINFO
  chained to: _ZL13crash_handleriP9__siginfoPv in libjvm.dylib, mask=11100110000111110111111111111111, flags=SA_RESTART|SA_SIGINFO
   SIGPIPE: _ZL17javaSignalHandleriP9__siginfoPv in libjvm.dylib, mask=11100110000111110111111111111111, flags=SA_RESTART|SA_SIGINFO
  *** Handler was modified!
  *** Expected: 0xb00007fc398f899f, mask=11110010010010001111000110011100, flags=SA_NOCLDSTOP|SA_RESETHAND|SA_SIGINFO|SA_NOCLDWAIT|SA_NODEFER|Unknown_flags:30784
   SIGXFSZ: _ZL17javaSignalHandleriP9__siginfoPv in libjvm.dylib, mask=11100110000111110111111111111111, flags=SA_RESTART|SA_SIGINFO
  *** Handler was modified!
  *** Expected: 0x000007fc398f10d6, mask=11110010010010001111000110011100, flags=SA_NOCLDSTOP|SA_RESETHAND|SA_SIGINFO|SA_NOCLDWAIT|SA_NODEFER|Unknown_flags:40784
    SIGILL: _ZL13crash_handleriP9__siginfoPv in libjvm.dylib, mask=11100110000111110111111111111111, flags=SA_RESTART|SA_SIGINFO
  chained to: _ZL13crash_handleriP9__siginfoPv in libjvm.dylib, mask=11100110000111110111111111111111, flags=SA_RESTART|SA_SIGINFO
   SIGUSR2: _ZL10SR_handleriP9__siginfoP17__darwin_ucontext in libjvm.dylib, mask=10000000000000000000000000000000, flags=SA_RESTART|SA_SIGINFO
  *** Handler was modified!
  *** Expected: 0xa00007fc3b009f35, mask=00111010100100010000000011011100, flags=SA_NOCLDSTOP|SA_RESETHAND|SA_SIGINFO|SA_NOCLDWAIT|SA_NODEFER|Unknown_flags:30784
    SIGHUP: SIG_DFL, mask=00000000000000000000000000000000, flags=none
    SIGINT: _ZN13rstudio_boost4asio6detail30reactive_socket_accept_op_baseINS0_12basic_socketINS0_2ip3tcpENS0_15any_io_executorEEES5_E10do_performEPNS1_10reactor_opE+708544 in rsession, mask=00000000000000000000000000000000, flags=SA_RESTART
   SIGTERM: SIG_DFL, mask=00000000000000000000000000000000, flags=none
   SIGQUIT: SIG_DFL, mask=00000000000000000000000000000000, flags=none
   SIGTRAP: _ZL13crash_handleriP9__siginfoPv in libjvm.dylib, mask=11100110000111110111111111111111, flags=SA_RESTART|SA_SIGINFO


---------------  S Y S T E M  ---------------

OS:
uname: Darwin 20.6.0 Darwin Kernel Version 20.6.0: Tue Feb 22 21:10:41 PST 2022; root:xnu-7195.141.26~1/RELEASE_X86_64 x86_64
OS uptime: 17 days 7:11 hours
rlimit (soft/hard): STACK 8192k/65532k , CORE 0k/infinity , NPROC 2784/4176 , NOFILE 10240/infinity , AS infinity/infinity , CPU infinity/infinity , DATA infinity/infinity , FSIZE infinity/infinity , MEMLOCK infinity/infinity , RSS infinity/infinity
load average: 2.05 2.21 2.47

CPU: total 8 (initial active 8) (4 cores per cpu, 2 threads per core) family 6 model 142 stepping 10 microcode 0xec, cx8, cmov, fxsr, ht, mmx, 3dnowpref, sse, sse2, sse3, ssse3, sse4.1, sse4.2, popcnt, lzcnt, tsc, tscinvbit, avx, avx2, aes, erms, clmul, bmi1, bmi2, adx, fma, vzeroupper, clflush, clflushopt

Memory: 4k page, physical 16777216k(736360k free), swap 5242880k(2508032k free)

vm_info: OpenJDK 64-Bit Server VM (18.0.2.1+0) for bsd-amd64 JRE (18.0.2.1+0), built on Aug 24 2022 13:04:56 by "brew" with clang Apple LLVM 13.0.0 (clang-1300.0.29.30)

END.
